<?xml version="1.0" encoding="UTF-8"?>
<coverage generated="1693243578790" clover="3.2.0">
  <project timestamp="1693243578790" name="All files">
    <metrics statements="24" coveredstatements="16" conditionals="16" coveredconditionals="7" methods="11" coveredmethods="8" elements="51" coveredelements="31" complexity="0" loc="24" ncloc="24" packages="5" files="5" classes="5"/>
    <package name="Loader">
      <metrics statements="4" coveredstatements="3" conditionals="4" coveredconditionals="2" methods="2" coveredmethods="1"/>
      <file name="Loader.jsx" path="C:\Users\rabiussanym\OneDrive - MetLife\Documents\ULM_repo_1\13639-ULM-client\src\components\Loader\Loader.jsx">
        <metrics statements="4" coveredstatements="3" conditionals="4" coveredconditionals="2" methods="2" coveredmethods="1"/>
        <line num="6" count="3" type="stmt"/>
        <line num="7" count="3" type="cond" truecount="1" falsecount="1"/>
        <line num="9" count="3" type="stmt"/>
        <line num="19" count="0" type="stmt"/>
      </file>
    </package>
    <package name="auth">
      <metrics statements="5" coveredstatements="0" conditionals="2" coveredconditionals="0" methods="1" coveredmethods="0"/>
      <file name="RequireAuth.jsx" path="C:\Users\rabiussanym\OneDrive - MetLife\Documents\ULM_repo_1\13639-ULM-client\src\components\auth\RequireAuth.jsx">
        <metrics statements="5" coveredstatements="0" conditionals="2" coveredconditionals="0" methods="1" coveredmethods="0"/>
        <line num="4" count="0" type="stmt"/>
        <line num="6" count="0" type="stmt"/>
        <line num="8" count="0" type="cond" truecount="0" falsecount="2"/>
        <line num="9" count="0" type="stmt"/>
        <line num="11" count="0" type="stmt"/>
      </file>
    </package>
    <package name="inputs">
      <metrics statements="2" coveredstatements="2" conditionals="0" coveredconditionals="0" methods="1" coveredmethods="1"/>
      <file name="TextInput.jsx" path="C:\Users\rabiussanym\OneDrive - MetLife\Documents\ULM_repo_1\13639-ULM-client\src\components\inputs\TextInput.jsx">
        <metrics statements="2" coveredstatements="2" conditionals="0" coveredconditionals="0" methods="1" coveredmethods="1"/>
        <line num="2" count="2" type="stmt"/>
        <line num="3" count="6" type="stmt"/>
      </file>
    </package>
    <package name="layout">
      <metrics statements="2" coveredstatements="2" conditionals="0" coveredconditionals="0" methods="1" coveredmethods="1"/>
      <file name="Layout.js" path="C:\Users\rabiussanym\OneDrive - MetLife\Documents\ULM_repo_1\13639-ULM-client\src\components\layout\Layout.js">
        <metrics statements="2" coveredstatements="2" conditionals="0" coveredconditionals="0" methods="1" coveredmethods="1"/>
        <line num="6" count="2" type="stmt"/>
        <line num="7" count="6" type="stmt"/>
      </file>
    </package>
    <package name="sidebar">
      <metrics statements="11" coveredstatements="9" conditionals="10" coveredconditionals="5" methods="6" coveredmethods="5"/>
      <file name="Sidebar.jsx" path="C:\Users\rabiussanym\OneDrive - MetLife\Documents\ULM_repo_1\13639-ULM-client\src\components\sidebar\Sidebar.jsx">
        <metrics statements="11" coveredstatements="9" conditionals="10" coveredconditionals="5" methods="6" coveredmethods="5"/>
        <line num="7" count="2" type="stmt"/>
        <line num="9" count="6" type="stmt"/>
        <line num="10" count="6" type="stmt"/>
        <line num="13" count="6" type="stmt"/>
        <line num="14" count="0" type="stmt"/>
        <line num="15" count="0" type="stmt"/>
        <line num="18" count="6" type="stmt"/>
        <line num="34" count="6" type="cond" truecount="1" falsecount="1"/>
        <line num="44" count="6" type="cond" truecount="1" falsecount="1"/>
        <line num="56" count="6" type="cond" truecount="1" falsecount="1"/>
        <line num="67" count="6" type="cond" truecount="1" falsecount="1"/>
      </file>
    </package>
  </project>
</coverage>
