{"C:\\Users\\rabiussanym\\OneDrive - MetLife\\Documents\\ULM_repo_1\\13639-ULM-client\\src\\components\\layout\\Layout.js": {"path":"C:\\Users\\rabiussanym\\OneDrive - MetLife\\Documents\\ULM_repo_1\\13639-ULM-client\\src\\components\\layout\\Layout.js","statementMap":{"0":{"start":{"line":6,"column":15},"end":{"line":21,"column":1}},"1":{"start":{"line":7,"column":2},"end":{"line":20,"column":4}}},"fnMap":{"0":{"name":"(anonymous_0)","decl":{"start":{"line":6,"column":15},"end":{"line":6,"column":16}},"loc":{"start":{"line":6,"column":42},"end":{"line":21,"column":1}},"line":6}},"branchMap":{},"s":{"0":4,"1":14},"f":{"0":14},"b":{},"_coverageSchema":"1a1c01bbd47fc00a2c39e90264f33305004495a9","hash":"6d93b0a09f15e3c77cc3b2fd39a566811b171760"}
,"C:\\Users\\rabiussanym\\OneDrive - MetLife\\Documents\\ULM_repo_1\\13639-ULM-client\\src\\components\\loader\\Loader.jsx": {"path":"C:\\Users\\rabiussanym\\OneDrive - MetLife\\Documents\\ULM_repo_1\\13639-ULM-client\\src\\components\\loader\\Loader.jsx","statementMap":{"0":{"start":{"line":6,"column":15},"end":{"line":32,"column":1}},"1":{"start":{"line":7,"column":2},"end":{"line":7,"column":30}},"2":{"start":{"line":7,"column":18},"end":{"line":7,"column":30}},"3":{"start":{"line":9,"column":2},"end":{"line":31,"column":4}},"4":{"start":{"line":19,"column":50},"end":{"line":19,"column":73}}},"fnMap":{"0":{"name":"(anonymous_0)","decl":{"start":{"line":6,"column":15},"end":{"line":6,"column":16}},"loc":{"start":{"line":6,"column":57},"end":{"line":32,"column":1}},"line":6},"1":{"name":"(anonymous_1)","decl":{"start":{"line":19,"column":39},"end":{"line":19,"column":40}},"loc":{"start":{"line":19,"column":50},"end":{"line":19,"column":73}},"line":19}},"branchMap":{"0":{"loc":{"start":{"line":7,"column":2},"end":{"line":7,"column":30}},"type":"if","locations":[{"start":{"line":7,"column":2},"end":{"line":7,"column":30}},{"start":{},"end":{}}],"line":7},"1":{"loc":{"start":{"line":11,"column":7},"end":{"line":29,"column":7}},"type":"cond-expr","locations":[{"start":{"line":12,"column":8},"end":{"line":16,"column":14}},{"start":{"line":18,"column":8},"end":{"line":28,"column":19}}],"line":11}},"s":{"0":5,"1":0,"2":0,"3":0,"4":0},"f":{"0":0,"1":0},"b":{"0":[0,0],"1":[0,0]},"_coverageSchema":"1a1c01bbd47fc00a2c39e90264f33305004495a9","hash":"44a8e6ee80f17e701bab18767ecf2e5d37e3542b"}
,"C:\\Users\\rabiussanym\\OneDrive - MetLife\\Documents\\ULM_repo_1\\13639-ULM-client\\src\\components\\sidebar\\Sidebar.jsx": {"path":"C:\\Users\\rabiussanym\\OneDrive - MetLife\\Documents\\ULM_repo_1\\13639-ULM-client\\src\\components\\sidebar\\Sidebar.jsx","statementMap":{"0":{"start":{"line":7,"column":16},"end":{"line":85,"column":1}},"1":{"start":{"line":9,"column":24},"end":{"line":9,"column":494}},"2":{"start":{"line":10,"column":15},"end":{"line":10,"column":55}},"3":{"start":{"line":11,"column":19},"end":{"line":11,"column":63}},"4":{"start":{"line":14,"column":24},"end":{"line":17,"column":3}},"5":{"start":{"line":15,"column":4},"end":{"line":15,"column":25}},"6":{"start":{"line":16,"column":4},"end":{"line":16,"column":43}},"7":{"start":{"line":19,"column":2},"end":{"line":84,"column":4}},"8":{"start":{"line":35,"column":18},"end":{"line":35,"column":46}},"9":{"start":{"line":45,"column":18},"end":{"line":45,"column":46}},"10":{"start":{"line":57,"column":18},"end":{"line":57,"column":46}},"11":{"start":{"line":68,"column":18},"end":{"line":68,"column":46}}},"fnMap":{"0":{"name":"(anonymous_0)","decl":{"start":{"line":7,"column":16},"end":{"line":7,"column":17}},"loc":{"start":{"line":7,"column":22},"end":{"line":85,"column":1}},"line":7},"1":{"name":"(anonymous_1)","decl":{"start":{"line":14,"column":24},"end":{"line":14,"column":25}},"loc":{"start":{"line":14,"column":31},"end":{"line":17,"column":3}},"line":14},"2":{"name":"(anonymous_2)","decl":{"start":{"line":34,"column":27},"end":{"line":34,"column":28}},"loc":{"start":{"line":35,"column":18},"end":{"line":35,"column":46}},"line":35},"3":{"name":"(anonymous_3)","decl":{"start":{"line":44,"column":27},"end":{"line":44,"column":28}},"loc":{"start":{"line":45,"column":18},"end":{"line":45,"column":46}},"line":45},"4":{"name":"(anonymous_4)","decl":{"start":{"line":56,"column":27},"end":{"line":56,"column":28}},"loc":{"start":{"line":57,"column":18},"end":{"line":57,"column":46}},"line":57},"5":{"name":"(anonymous_5)","decl":{"start":{"line":67,"column":27},"end":{"line":67,"column":28}},"loc":{"start":{"line":68,"column":18},"end":{"line":68,"column":46}},"line":68}},"branchMap":{"0":{"loc":{"start":{"line":25,"column":13},"end":{"line":25,"column":52}},"type":"cond-expr","locations":[{"start":{"line":25,"column":29},"end":{"line":25,"column":40}},{"start":{"line":25,"column":43},"end":{"line":25,"column":52}}],"line":25},"1":{"loc":{"start":{"line":35,"column":18},"end":{"line":35,"column":46}},"type":"cond-expr","locations":[{"start":{"line":35,"column":29},"end":{"line":35,"column":41}},{"start":{"line":35,"column":44},"end":{"line":35,"column":46}}],"line":35},"2":{"loc":{"start":{"line":45,"column":18},"end":{"line":45,"column":46}},"type":"cond-expr","locations":[{"start":{"line":45,"column":29},"end":{"line":45,"column":41}},{"start":{"line":45,"column":44},"end":{"line":45,"column":46}}],"line":45},"3":{"loc":{"start":{"line":57,"column":18},"end":{"line":57,"column":46}},"type":"cond-expr","locations":[{"start":{"line":57,"column":29},"end":{"line":57,"column":41}},{"start":{"line":57,"column":44},"end":{"line":57,"column":46}}],"line":57},"4":{"loc":{"start":{"line":68,"column":18},"end":{"line":68,"column":46}},"type":"cond-expr","locations":[{"start":{"line":68,"column":29},"end":{"line":68,"column":41}},{"start":{"line":68,"column":44},"end":{"line":68,"column":46}}],"line":68}},"s":{"0":4,"1":14,"2":14,"3":14,"4":14,"5":0,"6":0,"7":14,"8":14,"9":14,"10":14,"11":14},"f":{"0":14,"1":0,"2":14,"3":14,"4":14,"5":14},"b":{"0":[14,0],"1":[0,14],"2":[0,14],"3":[0,14],"4":[0,14]},"_coverageSchema":"1a1c01bbd47fc00a2c39e90264f33305004495a9","hash":"e1ef3c89c2c802bbc60b0e3a37743738bf9eeee5"}
,"C:\\Users\\rabiussanym\\OneDrive - MetLife\\Documents\\ULM_repo_1\\13639-ULM-client\\src\\global_state\\action.js": {"path":"C:\\Users\\rabiussanym\\OneDrive - MetLife\\Documents\\ULM_repo_1\\13639-ULM-client\\src\\global_state\\action.js","statementMap":{"0":{"start":{"line":4,"column":23},"end":{"line":7,"column":1}},"1":{"start":{"line":5,"column":15},"end":{"line":5,"column":26}},"2":{"start":{"line":6,"column":2},"end":{"line":6,"column":74}},"3":{"start":{"line":9,"column":32},"end":{"line":23,"column":1}},"4":{"start":{"line":10,"column":2},"end":{"line":22,"column":3}},"5":{"start":{"line":12,"column":6},"end":{"line":12,"column":23}},"6":{"start":{"line":15,"column":6},"end":{"line":15,"column":23}},"7":{"start":{"line":18,"column":6},"end":{"line":18,"column":23}},"8":{"start":{"line":21,"column":6},"end":{"line":21,"column":23}},"9":{"start":{"line":26,"column":27},"end":{"line":37,"column":1}},"10":{"start":{"line":27,"column":2},"end":{"line":36,"column":3}},"11":{"start":{"line":29,"column":6},"end":{"line":29,"column":41}},"12":{"start":{"line":32,"column":6},"end":{"line":32,"column":39}},"13":{"start":{"line":35,"column":6},"end":{"line":35,"column":20}},"14":{"start":{"line":41,"column":31},"end":{"line":52,"column":1}},"15":{"start":{"line":42,"column":2},"end":{"line":51,"column":3}},"16":{"start":{"line":44,"column":6},"end":{"line":44,"column":15}},"17":{"start":{"line":47,"column":6},"end":{"line":47,"column":29}},"18":{"start":{"line":50,"column":6},"end":{"line":50,"column":15}},"19":{"start":{"line":54,"column":38},"end":{"line":66,"column":1}},"20":{"start":{"line":56,"column":4},"end":{"line":56,"column":84}},"21":{"start":{"line":58,"column":10},"end":{"line":58,"column":37}},"22":{"start":{"line":59,"column":2},"end":{"line":59,"column":30}},"23":{"start":{"line":60,"column":2},"end":{"line":60,"column":15}},"24":{"start":{"line":61,"column":13},"end":{"line":61,"column":45}},"25":{"start":{"line":62,"column":2},"end":{"line":62,"column":41}},"26":{"start":{"line":63,"column":2},"end":{"line":63,"column":35}},"27":{"start":{"line":64,"column":2},"end":{"line":64,"column":31}},"28":{"start":{"line":65,"column":2},"end":{"line":65,"column":42}},"29":{"start":{"line":69,"column":35},"end":{"line":79,"column":1}},"30":{"start":{"line":70,"column":14},"end":{"line":70,"column":58}},"31":{"start":{"line":71,"column":15},"end":{"line":71,"column":42}},"32":{"start":{"line":72,"column":2},"end":{"line":72,"column":18}},"33":{"start":{"line":73,"column":2},"end":{"line":76,"column":4}},"34":{"start":{"line":77,"column":2},"end":{"line":77,"column":34}},"35":{"start":{"line":78,"column":2},"end":{"line":78,"column":15}}},"fnMap":{"0":{"name":"(anonymous_0)","decl":{"start":{"line":4,"column":23},"end":{"line":4,"column":24}},"loc":{"start":{"line":4,"column":30},"end":{"line":7,"column":1}},"line":4},"1":{"name":"(anonymous_1)","decl":{"start":{"line":9,"column":32},"end":{"line":9,"column":33}},"loc":{"start":{"line":9,"column":46},"end":{"line":23,"column":1}},"line":9},"2":{"name":"(anonymous_2)","decl":{"start":{"line":26,"column":27},"end":{"line":26,"column":28}},"loc":{"start":{"line":26,"column":39},"end":{"line":37,"column":1}},"line":26},"3":{"name":"(anonymous_3)","decl":{"start":{"line":41,"column":31},"end":{"line":41,"column":32}},"loc":{"start":{"line":41,"column":41},"end":{"line":52,"column":1}},"line":41},"4":{"name":"(anonymous_4)","decl":{"start":{"line":54,"column":38},"end":{"line":54,"column":39}},"loc":{"start":{"line":54,"column":50},"end":{"line":66,"column":1}},"line":54},"5":{"name":"(anonymous_5)","decl":{"start":{"line":69,"column":35},"end":{"line":69,"column":36}},"loc":{"start":{"line":69,"column":45},"end":{"line":79,"column":1}},"line":69}},"branchMap":{"0":{"loc":{"start":{"line":10,"column":2},"end":{"line":22,"column":3}},"type":"switch","locations":[{"start":{"line":11,"column":4},"end":{"line":12,"column":23}},{"start":{"line":14,"column":4},"end":{"line":15,"column":23}},{"start":{"line":17,"column":4},"end":{"line":18,"column":23}},{"start":{"line":20,"column":4},"end":{"line":21,"column":23}}],"line":10},"1":{"loc":{"start":{"line":27,"column":2},"end":{"line":36,"column":3}},"type":"switch","locations":[{"start":{"line":28,"column":4},"end":{"line":29,"column":41}},{"start":{"line":31,"column":4},"end":{"line":32,"column":39}},{"start":{"line":34,"column":4},"end":{"line":35,"column":20}}],"line":27},"2":{"loc":{"start":{"line":42,"column":2},"end":{"line":51,"column":3}},"type":"switch","locations":[{"start":{"line":43,"column":4},"end":{"line":44,"column":15}},{"start":{"line":46,"column":4},"end":{"line":47,"column":29}},{"start":{"line":49,"column":4},"end":{"line":50,"column":15}}],"line":42}},"s":{"0":3,"1":0,"2":0,"3":3,"4":0,"5":0,"6":0,"7":0,"8":0,"9":3,"10":0,"11":0,"12":0,"13":0,"14":3,"15":3,"16":3,"17":0,"18":0,"19":3,"20":0,"21":0,"22":0,"23":0,"24":0,"25":0,"26":0,"27":0,"28":0,"29":3,"30":0,"31":0,"32":0,"33":0,"34":0,"35":0},"f":{"0":0,"1":0,"2":0,"3":3,"4":0,"5":0},"b":{"0":[0,0,0,0],"1":[0,0,0],"2":[3,0,0]},"_coverageSchema":"1a1c01bbd47fc00a2c39e90264f33305004495a9","hash":"2a4a6e0aabfaabab3aae48c3f17abcea92f2ff2d"}
,"C:\\Users\\rabiussanym\\OneDrive - MetLife\\Documents\\ULM_repo_1\\13639-ULM-client\\src\\pages\\Report\\Report.jsx": {"path":"C:\\Users\\rabiussanym\\OneDrive - MetLife\\Documents\\ULM_repo_1\\13639-ULM-client\\src\\pages\\Report\\Report.jsx","statementMap":{"0":{"start":{"line":12,"column":19},"end":{"line":12,"column":25}},"1":{"start":{"line":14,"column":15},"end":{"line":244,"column":1}},"2":{"start":{"line":15,"column":17},"end":{"line":15,"column":31}},"3":{"start":{"line":16,"column":36},"end":{"line":16,"column":50}},"4":{"start":{"line":17,"column":36},"end":{"line":17,"column":48}},"5":{"start":{"line":18,"column":32},"end":{"line":18,"column":44}},"6":{"start":{"line":19,"column":36},"end":{"line":19,"column":48}},"7":{"start":{"line":20,"column":40},"end":{"line":20,"column":52}},"8":{"start":{"line":21,"column":34},"end":{"line":23,"column":3}},"9":{"start":{"line":24,"column":37},"end":{"line":24,"column":49}},"10":{"start":{"line":25,"column":34},"end":{"line":25,"column":49}},"11":{"start":{"line":26,"column":24},"end":{"line":28,"column":3}},"12":{"start":{"line":27,"column":4},"end":{"line":27,"column":29}},"13":{"start":{"line":29,"column":22},"end":{"line":31,"column":3}},"14":{"start":{"line":30,"column":4},"end":{"line":30,"column":27}},"15":{"start":{"line":32,"column":29},"end":{"line":34,"column":3}},"16":{"start":{"line":33,"column":4},"end":{"line":33,"column":17}},"17":{"start":{"line":36,"column":19},"end":{"line":76,"column":3}},"18":{"start":{"line":37,"column":4},"end":{"line":44,"column":5}},"19":{"start":{"line":41,"column":6},"end":{"line":43,"column":8}},"20":{"start":{"line":47,"column":6},"end":{"line":49,"column":38}},"21":{"start":{"line":51,"column":20},"end":{"line":57,"column":5}},"22":{"start":{"line":59,"column":4},"end":{"line":75,"column":5}},"23":{"start":{"line":60,"column":6},"end":{"line":60,"column":23}},"24":{"start":{"line":61,"column":6},"end":{"line":64,"column":7}},"25":{"start":{"line":62,"column":24},"end":{"line":62,"column":47}},"26":{"start":{"line":63,"column":8},"end":{"line":63,"column":42}},"27":{"start":{"line":65,"column":18},"end":{"line":69,"column":7}},"28":{"start":{"line":70,"column":6},"end":{"line":70,"column":37}},"29":{"start":{"line":71,"column":6},"end":{"line":71,"column":29}},"30":{"start":{"line":72,"column":6},"end":{"line":72,"column":24}},"31":{"start":{"line":74,"column":6},"end":{"line":74,"column":24}},"32":{"start":{"line":78,"column":2},"end":{"line":96,"column":9}},"33":{"start":{"line":79,"column":15},"end":{"line":79,"column":36}},"34":{"start":{"line":81,"column":4},"end":{"line":93,"column":9}},"35":{"start":{"line":82,"column":6},"end":{"line":92,"column":7}},"36":{"start":{"line":83,"column":8},"end":{"line":83,"column":54}},"37":{"start":{"line":84,"column":27},"end":{"line":84,"column":44}},"38":{"start":{"line":85,"column":8},"end":{"line":85,"column":46}},"39":{"start":{"line":87,"column":8},"end":{"line":87,"column":26}},"40":{"start":{"line":89,"column":8},"end":{"line":89,"column":26}},"41":{"start":{"line":90,"column":8},"end":{"line":91,"column":59}},"42":{"start":{"line":95,"column":4},"end":{"line":95,"column":28}},"43":{"start":{"line":95,"column":17},"end":{"line":95,"column":27}},"44":{"start":{"line":98,"column":2},"end":{"line":243,"column":4}},"45":{"start":{"line":136,"column":24},"end":{"line":136,"column":63}},"46":{"start":{"line":157,"column":49},"end":{"line":157,"column":73}},"47":{"start":{"line":170,"column":24},"end":{"line":176,"column":26}},"48":{"start":{"line":213,"column":24},"end":{"line":213,"column":73}}},"fnMap":{"0":{"name":"(anonymous_0)","decl":{"start":{"line":14,"column":15},"end":{"line":14,"column":16}},"loc":{"start":{"line":14,"column":29},"end":{"line":244,"column":1}},"line":14},"1":{"name":"(anonymous_1)","decl":{"start":{"line":26,"column":24},"end":{"line":26,"column":25}},"loc":{"start":{"line":26,"column":46},"end":{"line":28,"column":3}},"line":26},"2":{"name":"(anonymous_2)","decl":{"start":{"line":29,"column":22},"end":{"line":29,"column":23}},"loc":{"start":{"line":29,"column":44},"end":{"line":31,"column":3}},"line":29},"3":{"name":"(anonymous_3)","decl":{"start":{"line":32,"column":29},"end":{"line":32,"column":30}},"loc":{"start":{"line":32,"column":36},"end":{"line":34,"column":3}},"line":32},"4":{"name":"(anonymous_4)","decl":{"start":{"line":36,"column":19},"end":{"line":36,"column":20}},"loc":{"start":{"line":36,"column":37},"end":{"line":76,"column":3}},"line":36},"5":{"name":"(anonymous_5)","decl":{"start":{"line":78,"column":12},"end":{"line":78,"column":13}},"loc":{"start":{"line":78,"column":18},"end":{"line":96,"column":3}},"line":78},"6":{"name":"(anonymous_6)","decl":{"start":{"line":81,"column":5},"end":{"line":81,"column":6}},"loc":{"start":{"line":81,"column":17},"end":{"line":93,"column":5}},"line":81},"7":{"name":"(anonymous_7)","decl":{"start":{"line":95,"column":11},"end":{"line":95,"column":12}},"loc":{"start":{"line":95,"column":17},"end":{"line":95,"column":27}},"line":95},"8":{"name":"(anonymous_8)","decl":{"start":{"line":135,"column":36},"end":{"line":135,"column":37}},"loc":{"start":{"line":136,"column":24},"end":{"line":136,"column":63}},"line":136},"9":{"name":"(anonymous_9)","decl":{"start":{"line":157,"column":36},"end":{"line":157,"column":37}},"loc":{"start":{"line":157,"column":49},"end":{"line":157,"column":73}},"line":157},"10":{"name":"(anonymous_10)","decl":{"start":{"line":169,"column":37},"end":{"line":169,"column":38}},"loc":{"start":{"line":169,"column":45},"end":{"line":177,"column":23}},"line":169},"11":{"name":"(anonymous_11)","decl":{"start":{"line":212,"column":32},"end":{"line":212,"column":33}},"loc":{"start":{"line":213,"column":24},"end":{"line":213,"column":73}},"line":213}},"branchMap":{"0":{"loc":{"start":{"line":22,"column":3},"end":{"line":22,"column":36}},"type":"cond-expr","locations":[{"start":{"line":22,"column":24},"end":{"line":22,"column":29}},{"start":{"line":22,"column":32},"end":{"line":22,"column":36}}],"line":22},"1":{"loc":{"start":{"line":37,"column":4},"end":{"line":44,"column":5}},"type":"if","locations":[{"start":{"line":37,"column":4},"end":{"line":44,"column":5}},{"start":{},"end":{}}],"line":37},"2":{"loc":{"start":{"line":38,"column":6},"end":{"line":39,"column":45}},"type":"binary-expr","locations":[{"start":{"line":38,"column":6},"end":{"line":38,"column":40}},{"start":{"line":39,"column":6},"end":{"line":39,"column":45}}],"line":38},"3":{"loc":{"start":{"line":47,"column":6},"end":{"line":49,"column":38}},"type":"cond-expr","locations":[{"start":{"line":48,"column":10},"end":{"line":48,"column":12}},{"start":{"line":49,"column":10},"end":{"line":49,"column":38}}],"line":47},"4":{"loc":{"start":{"line":47,"column":6},"end":{"line":47,"column":71}},"type":"binary-expr","locations":[{"start":{"line":47,"column":6},"end":{"line":47,"column":40}},{"start":{"line":47,"column":44},"end":{"line":47,"column":71}}],"line":47},"5":{"loc":{"start":{"line":54,"column":20},"end":{"line":54,"column":38}},"type":"binary-expr","locations":[{"start":{"line":54,"column":20},"end":{"line":54,"column":32}},{"start":{"line":54,"column":36},"end":{"line":54,"column":38}}],"line":54},"6":{"loc":{"start":{"line":55,"column":13},"end":{"line":55,"column":32}},"type":"binary-expr","locations":[{"start":{"line":55,"column":13},"end":{"line":55,"column":26}},{"start":{"line":55,"column":30},"end":{"line":55,"column":32}}],"line":55},"7":{"loc":{"start":{"line":61,"column":6},"end":{"line":64,"column":7}},"type":"if","locations":[{"start":{"line":61,"column":6},"end":{"line":64,"column":7}},{"start":{},"end":{}}],"line":61},"8":{"loc":{"start":{"line":61,"column":10},"end":{"line":61,"column":30}},"type":"binary-expr","locations":[{"start":{"line":61,"column":10},"end":{"line":61,"column":19}},{"start":{"line":61,"column":23},"end":{"line":61,"column":30}}],"line":61},"9":{"loc":{"start":{"line":83,"column":19},"end":{"line":83,"column":52}},"type":"cond-expr","locations":[{"start":{"line":83,"column":40},"end":{"line":83,"column":45}},{"start":{"line":83,"column":48},"end":{"line":83,"column":52}}],"line":83},"10":{"loc":{"start":{"line":90,"column":8},"end":{"line":91,"column":58}},"type":"binary-expr","locations":[{"start":{"line":90,"column":8},"end":{"line":90,"column":41}},{"start":{"line":91,"column":10},"end":{"line":91,"column":58}}],"line":90},"11":{"loc":{"start":{"line":100,"column":7},"end":{"line":241,"column":7}},"type":"cond-expr","locations":[{"start":{"line":101,"column":8},"end":{"line":101,"column":40}},{"start":{"line":103,"column":8},"end":{"line":240,"column":17}}],"line":100},"12":{"loc":{"start":{"line":226,"column":22},"end":{"line":228,"column":40}},"type":"cond-expr","locations":[{"start":{"line":227,"column":26},"end":{"line":227,"column":57}},{"start":{"line":228,"column":26},"end":{"line":228,"column":40}}],"line":226},"13":{"loc":{"start":{"line":226,"column":22},"end":{"line":226,"column":59}},"type":"binary-expr","locations":[{"start":{"line":226,"column":22},"end":{"line":226,"column":37}},{"start":{"line":226,"column":41},"end":{"line":226,"column":59}}],"line":226}},"s":{"0":1,"1":1,"2":3,"3":3,"4":3,"5":3,"6":3,"7":3,"8":3,"9":3,"10":3,"11":3,"12":0,"13":3,"14":0,"15":3,"16":0,"17":3,"18":0,"19":0,"20":0,"21":0,"22":0,"23":0,"24":0,"25":0,"26":0,"27":0,"28":0,"29":0,"30":0,"31":0,"32":3,"33":3,"34":3,"35":3,"36":3,"37":3,"38":0,"39":0,"40":0,"41":0,"42":3,"43":3,"44":3,"45":868,"46":692,"47":0,"48":0},"f":{"0":3,"1":0,"2":0,"3":0,"4":0,"5":3,"6":3,"7":3,"8":868,"9":692,"10":0,"11":0},"b":{"0":[3,0],"1":[0,0],"2":[0,0],"3":[0,0],"4":[0,0],"5":[0,0],"6":[0,0],"7":[0,0],"8":[0,0],"9":[3,0],"10":[0,0],"11":[0,3],"12":[3,0],"13":[3,3]},"_coverageSchema":"1a1c01bbd47fc00a2c39e90264f33305004495a9","hash":"fe26fc5983ea696b7719a6c0d5bc6ecacee220bc"}
,"C:\\Users\\rabiussanym\\OneDrive - MetLife\\Documents\\ULM_repo_1\\13639-ULM-client\\src\\pages\\Report\\Service\\Report_Service.js": {"path":"C:\\Users\\rabiussanym\\OneDrive - MetLife\\Documents\\ULM_repo_1\\13639-ULM-client\\src\\pages\\Report\\Service\\Report_Service.js","statementMap":{"0":{"start":{"line":3,"column":25},"end":{"line":11,"column":1}},"1":{"start":{"line":7,"column":2},"end":{"line":10,"column":4}},"2":{"start":{"line":12,"column":24},"end":{"line":22,"column":1}},"3":{"start":{"line":19,"column":2},"end":{"line":21,"column":4}},"4":{"start":{"line":24,"column":25},"end":{"line":26,"column":1}},"5":{"start":{"line":25,"column":2},"end":{"line":25,"column":47}}},"fnMap":{"0":{"name":"(anonymous_0)","decl":{"start":{"line":3,"column":25},"end":{"line":3,"column":26}},"loc":{"start":{"line":6,"column":5},"end":{"line":11,"column":1}},"line":6},"1":{"name":"(anonymous_1)","decl":{"start":{"line":12,"column":24},"end":{"line":12,"column":25}},"loc":{"start":{"line":18,"column":6},"end":{"line":22,"column":1}},"line":18},"2":{"name":"(anonymous_2)","decl":{"start":{"line":24,"column":25},"end":{"line":24,"column":26}},"loc":{"start":{"line":24,"column":37},"end":{"line":26,"column":1}},"line":24}},"branchMap":{},"s":{"0":1,"1":0,"2":1,"3":0,"4":1,"5":3},"f":{"0":0,"1":0,"2":3},"b":{},"_coverageSchema":"1a1c01bbd47fc00a2c39e90264f33305004495a9","hash":"a41f64c03ad248388846f83e192a5f70f8ba70f8"}
,"C:\\Users\\rabiussanym\\OneDrive - MetLife\\Documents\\ULM_repo_1\\13639-ULM-client\\src\\pages\\home\\HomePage.jsx": {"path":"C:\\Users\\rabiussanym\\OneDrive - MetLife\\Documents\\ULM_repo_1\\13639-ULM-client\\src\\pages\\home\\HomePage.jsx","statementMap":{"0":{"start":{"line":21,"column":0},"end":{"line":21,"column":32}},"1":{"start":{"line":22,"column":24},"end":{"line":22,"column":34}},"2":{"start":{"line":24,"column":17},"end":{"line":155,"column":1}},"3":{"start":{"line":25,"column":21},"end":{"line":25,"column":33}},"4":{"start":{"line":26,"column":34},"end":{"line":26,"column":77}},"5":{"start":{"line":27,"column":28},"end":{"line":27,"column":40}},"6":{"start":{"line":28,"column":28},"end":{"line":28,"column":40}},"7":{"start":{"line":29,"column":30},"end":{"line":29,"column":68}},"8":{"start":{"line":30,"column":34},"end":{"line":32,"column":3}},"9":{"start":{"line":34,"column":23},"end":{"line":37,"column":3}},"10":{"start":{"line":35,"column":4},"end":{"line":35,"column":29}},"11":{"start":{"line":36,"column":4},"end":{"line":36,"column":31}},"12":{"start":{"line":39,"column":27},"end":{"line":41,"column":3}},"13":{"start":{"line":40,"column":4},"end":{"line":40,"column":31}},"14":{"start":{"line":43,"column":2},"end":{"line":67,"column":25}},"15":{"start":{"line":44,"column":15},"end":{"line":44,"column":36}},"16":{"start":{"line":46,"column":4},"end":{"line":64,"column":5}},"17":{"start":{"line":47,"column":6},"end":{"line":60,"column":11}},"18":{"start":{"line":48,"column":8},"end":{"line":58,"column":9}},"19":{"start":{"line":49,"column":10},"end":{"line":49,"column":56}},"20":{"start":{"line":51,"column":31},"end":{"line":51,"column":68}},"21":{"start":{"line":52,"column":10},"end":{"line":52,"column":43}},"22":{"start":{"line":56,"column":30},"end":{"line":56,"column":71}},"23":{"start":{"line":57,"column":10},"end":{"line":57,"column":42}},"24":{"start":{"line":59,"column":8},"end":{"line":59,"column":26}},"25":{"start":{"line":62,"column":6},"end":{"line":62,"column":24}},"26":{"start":{"line":63,"column":6},"end":{"line":63,"column":76}},"27":{"start":{"line":66,"column":4},"end":{"line":66,"column":28}},"28":{"start":{"line":66,"column":17},"end":{"line":66,"column":27}},"29":{"start":{"line":69,"column":2},"end":{"line":154,"column":4}},"30":{"start":{"line":88,"column":20},"end":{"line":88,"column":60}},"31":{"start":{"line":116,"column":38},"end":{"line":118,"column":25}},"32":{"start":{"line":119,"column":24},"end":{"line":119,"column":53}}},"fnMap":{"0":{"name":"(anonymous_0)","decl":{"start":{"line":24,"column":17},"end":{"line":24,"column":18}},"loc":{"start":{"line":24,"column":67},"end":{"line":155,"column":1}},"line":24},"1":{"name":"(anonymous_1)","decl":{"start":{"line":34,"column":23},"end":{"line":34,"column":24}},"loc":{"start":{"line":34,"column":45},"end":{"line":37,"column":3}},"line":34},"2":{"name":"(anonymous_2)","decl":{"start":{"line":39,"column":27},"end":{"line":39,"column":28}},"loc":{"start":{"line":39,"column":49},"end":{"line":41,"column":3}},"line":39},"3":{"name":"(anonymous_3)","decl":{"start":{"line":43,"column":12},"end":{"line":43,"column":13}},"loc":{"start":{"line":43,"column":18},"end":{"line":67,"column":3}},"line":43},"4":{"name":"(anonymous_4)","decl":{"start":{"line":47,"column":7},"end":{"line":47,"column":8}},"loc":{"start":{"line":47,"column":19},"end":{"line":60,"column":7}},"line":47},"5":{"name":"(anonymous_5)","decl":{"start":{"line":66,"column":11},"end":{"line":66,"column":12}},"loc":{"start":{"line":66,"column":17},"end":{"line":66,"column":27}},"line":66},"6":{"name":"(anonymous_6)","decl":{"start":{"line":87,"column":32},"end":{"line":87,"column":33}},"loc":{"start":{"line":88,"column":20},"end":{"line":88,"column":60}},"line":88},"7":{"name":"(anonymous_7)","decl":{"start":{"line":115,"column":33},"end":{"line":115,"column":34}},"loc":{"start":{"line":115,"column":51},"end":{"line":120,"column":23}},"line":115}},"branchMap":{"0":{"loc":{"start":{"line":26,"column":43},"end":{"line":26,"column":76}},"type":"cond-expr","locations":[{"start":{"line":26,"column":64},"end":{"line":26,"column":69}},{"start":{"line":26,"column":72},"end":{"line":26,"column":76}}],"line":26},"1":{"loc":{"start":{"line":48,"column":8},"end":{"line":58,"column":9}},"type":"if","locations":[{"start":{"line":48,"column":8},"end":{"line":58,"column":9}},{"start":{},"end":{}}],"line":48},"2":{"loc":{"start":{"line":48,"column":12},"end":{"line":48,"column":30}},"type":"binary-expr","locations":[{"start":{"line":48,"column":12},"end":{"line":48,"column":18}},{"start":{"line":48,"column":22},"end":{"line":48,"column":30}}],"line":48},"3":{"loc":{"start":{"line":49,"column":21},"end":{"line":49,"column":54}},"type":"cond-expr","locations":[{"start":{"line":49,"column":42},"end":{"line":49,"column":47}},{"start":{"line":49,"column":50},"end":{"line":49,"column":54}}],"line":49},"4":{"loc":{"start":{"line":63,"column":6},"end":{"line":63,"column":75}},"type":"binary-expr","locations":[{"start":{"line":63,"column":6},"end":{"line":63,"column":31}},{"start":{"line":63,"column":35},"end":{"line":63,"column":75}}],"line":63},"5":{"loc":{"start":{"line":72,"column":9},"end":{"line":151,"column":9}},"type":"cond-expr","locations":[{"start":{"line":73,"column":10},"end":{"line":73,"column":42}},{"start":{"line":75,"column":10},"end":{"line":150,"column":13}}],"line":72},"6":{"loc":{"start":{"line":84,"column":28},"end":{"line":84,"column":52}},"type":"binary-expr","locations":[{"start":{"line":84,"column":28},"end":{"line":84,"column":40}},{"start":{"line":84,"column":44},"end":{"line":84,"column":52}}],"line":84},"7":{"loc":{"start":{"line":88,"column":36},"end":{"line":88,"column":59}},"type":"binary-expr","locations":[{"start":{"line":88,"column":36},"end":{"line":88,"column":43}},{"start":{"line":88,"column":47},"end":{"line":88,"column":59}}],"line":88},"8":{"loc":{"start":{"line":95,"column":59},"end":{"line":95,"column":76}},"type":"binary-expr","locations":[{"start":{"line":95,"column":59},"end":{"line":95,"column":64}},{"start":{"line":95,"column":68},"end":{"line":95,"column":76}}],"line":95}},"s":{"0":1,"1":1,"2":1,"3":7,"4":7,"5":7,"6":7,"7":7,"8":7,"9":7,"10":0,"11":0,"12":7,"13":0,"14":7,"15":7,"16":7,"17":7,"18":7,"19":7,"20":7,"21":7,"22":7,"23":7,"24":7,"25":0,"26":0,"27":7,"28":7,"29":7,"30":2425,"31":0,"32":0},"f":{"0":7,"1":0,"2":0,"3":7,"4":7,"5":7,"6":2425,"7":0},"b":{"0":[7,0],"1":[7,0],"2":[7,7],"3":[7,0],"4":[0,0],"5":[0,7],"6":[7,0],"7":[2425,0],"8":[7,0]},"_coverageSchema":"1a1c01bbd47fc00a2c39e90264f33305004495a9","hash":"ff699ba044144daaed59548bf860bdb872a3447e"}
,"C:\\Users\\rabiussanym\\OneDrive - MetLife\\Documents\\ULM_repo_1\\13639-ULM-client\\src\\pages\\home\\Service\\homepage_action.js": {"path":"C:\\Users\\rabiussanym\\OneDrive - MetLife\\Documents\\ULM_repo_1\\13639-ULM-client\\src\\pages\\home\\Service\\homepage_action.js","statementMap":{"0":{"start":{"line":3,"column":29},"end":{"line":8,"column":1}},"1":{"start":{"line":4,"column":2},"end":{"line":7,"column":4}},"2":{"start":{"line":10,"column":33},"end":{"line":15,"column":1}},"3":{"start":{"line":11,"column":2},"end":{"line":14,"column":4}}},"fnMap":{"0":{"name":"(anonymous_0)","decl":{"start":{"line":3,"column":29},"end":{"line":3,"column":30}},"loc":{"start":{"line":3,"column":65},"end":{"line":8,"column":1}},"line":3},"1":{"name":"(anonymous_1)","decl":{"start":{"line":10,"column":33},"end":{"line":10,"column":34}},"loc":{"start":{"line":10,"column":69},"end":{"line":15,"column":1}},"line":10}},"branchMap":{},"s":{"0":1,"1":7,"2":1,"3":7},"f":{"0":7,"1":7},"b":{},"_coverageSchema":"1a1c01bbd47fc00a2c39e90264f33305004495a9","hash":"20ccfb55cec60da1baca3877759eb3d9a7337d3c"}
,"C:\\Users\\rabiussanym\\OneDrive - MetLife\\Documents\\ULM_repo_1\\13639-ULM-client\\src\\pages\\leads\\AddLead.jsx": {"path":"C:\\Users\\rabiussanym\\OneDrive - MetLife\\Documents\\ULM_repo_1\\13639-ULM-client\\src\\pages\\leads\\AddLead.jsx","statementMap":{"0":{"start":{"line":21,"column":21},"end":{"line":389,"column":1}},"1":{"start":{"line":30,"column":17},"end":{"line":30,"column":31}},"2":{"start":{"line":31,"column":20},"end":{"line":31,"column":68}},"3":{"start":{"line":32,"column":21},"end":{"line":32,"column":27}},"4":{"start":{"line":33,"column":23},"end":{"line":33,"column":28}},"5":{"start":{"line":34,"column":23},"end":{"line":38,"column":3}},"6":{"start":{"line":35,"column":4},"end":{"line":35,"column":23}},"7":{"start":{"line":36,"column":4},"end":{"line":36,"column":17}},"8":{"start":{"line":37,"column":4},"end":{"line":37,"column":22}},"9":{"start":{"line":40,"column":40},"end":{"line":40,"column":52}},"10":{"start":{"line":43,"column":28},"end":{"line":43,"column":40}},"11":{"start":{"line":44,"column":34},"end":{"line":44,"column":46}},"12":{"start":{"line":45,"column":40},"end":{"line":45,"column":52}},"13":{"start":{"line":46,"column":28},"end":{"line":46,"column":40}},"14":{"start":{"line":47,"column":34},"end":{"line":47,"column":46}},"15":{"start":{"line":48,"column":40},"end":{"line":48,"column":52}},"16":{"start":{"line":49,"column":32},"end":{"line":49,"column":47}},"17":{"start":{"line":50,"column":19},"end":{"line":50,"column":51}},"18":{"start":{"line":51,"column":30},"end":{"line":51,"column":41}},"19":{"start":{"line":52,"column":29},"end":{"line":52,"column":41}},"20":{"start":{"line":54,"column":21},"end":{"line":56,"column":3}},"21":{"start":{"line":55,"column":4},"end":{"line":55,"column":29}},"22":{"start":{"line":57,"column":25},"end":{"line":59,"column":3}},"23":{"start":{"line":58,"column":4},"end":{"line":58,"column":32}},"24":{"start":{"line":60,"column":22},"end":{"line":62,"column":3}},"25":{"start":{"line":61,"column":4},"end":{"line":61,"column":29}},"26":{"start":{"line":64,"column":28},"end":{"line":66,"column":3}},"27":{"start":{"line":65,"column":4},"end":{"line":65,"column":35}},"28":{"start":{"line":68,"column":22},"end":{"line":70,"column":3}},"29":{"start":{"line":69,"column":4},"end":{"line":69,"column":29}},"30":{"start":{"line":72,"column":27},"end":{"line":74,"column":3}},"31":{"start":{"line":73,"column":4},"end":{"line":73,"column":24}},"32":{"start":{"line":76,"column":22},"end":{"line":78,"column":3}},"33":{"start":{"line":77,"column":4},"end":{"line":77,"column":33}},"34":{"start":{"line":80,"column":23},"end":{"line":91,"column":3}},"35":{"start":{"line":81,"column":4},"end":{"line":90,"column":5}},"36":{"start":{"line":82,"column":6},"end":{"line":87,"column":7}},"37":{"start":{"line":83,"column":8},"end":{"line":83,"column":25}},"38":{"start":{"line":84,"column":22},"end":{"line":84,"column":56}},"39":{"start":{"line":85,"column":8},"end":{"line":85,"column":45}},"40":{"start":{"line":86,"column":8},"end":{"line":86,"column":26}},"41":{"start":{"line":89,"column":6},"end":{"line":89,"column":24}},"42":{"start":{"line":93,"column":25},"end":{"line":103,"column":3}},"43":{"start":{"line":105,"column":19},"end":{"line":125,"column":3}},"44":{"start":{"line":106,"column":4},"end":{"line":124,"column":5}},"45":{"start":{"line":107,"column":6},"end":{"line":123,"column":7}},"46":{"start":{"line":108,"column":8},"end":{"line":108,"column":25}},"47":{"start":{"line":109,"column":31},"end":{"line":109,"column":69}},"48":{"start":{"line":110,"column":8},"end":{"line":110,"column":53}},"49":{"start":{"line":111,"column":8},"end":{"line":111,"column":31}},"50":{"start":{"line":112,"column":8},"end":{"line":112,"column":26}},"51":{"start":{"line":113,"column":8},"end":{"line":113,"column":27}},"52":{"start":{"line":114,"column":8},"end":{"line":116,"column":9}},"53":{"start":{"line":115,"column":10},"end":{"line":115,"column":28}},"54":{"start":{"line":117,"column":8},"end":{"line":117,"column":21}},"55":{"start":{"line":118,"column":8},"end":{"line":118,"column":28}},"56":{"start":{"line":120,"column":8},"end":{"line":120,"column":26}},"57":{"start":{"line":121,"column":8},"end":{"line":122,"column":59}},"58":{"start":{"line":127,"column":2},"end":{"line":144,"column":9}},"59":{"start":{"line":128,"column":15},"end":{"line":128,"column":36}},"60":{"start":{"line":130,"column":4},"end":{"line":141,"column":9}},"61":{"start":{"line":131,"column":6},"end":{"line":140,"column":7}},"62":{"start":{"line":132,"column":8},"end":{"line":132,"column":25}},"63":{"start":{"line":134,"column":32},"end":{"line":134,"column":51}},"64":{"start":{"line":135,"column":8},"end":{"line":135,"column":50}},"65":{"start":{"line":137,"column":8},"end":{"line":137,"column":26}},"66":{"start":{"line":139,"column":8},"end":{"line":139,"column":26}},"67":{"start":{"line":143,"column":4},"end":{"line":143,"column":28}},"68":{"start":{"line":143,"column":17},"end":{"line":143,"column":27}},"69":{"start":{"line":146,"column":2},"end":{"line":388,"column":4}},"70":{"start":{"line":263,"column":18},"end":{"line":269,"column":20}},"71":{"start":{"line":280,"column":37},"end":{"line":280,"column":70}},"72":{"start":{"line":368,"column":33},"end":{"line":368,"column":54}},"73":{"start":{"line":377,"column":33},"end":{"line":377,"column":55}}},"fnMap":{"0":{"name":"(anonymous_0)","decl":{"start":{"line":21,"column":21},"end":{"line":21,"column":22}},"loc":{"start":{"line":29,"column":6},"end":{"line":389,"column":1}},"line":29},"1":{"name":"(anonymous_1)","decl":{"start":{"line":34,"column":23},"end":{"line":34,"column":24}},"loc":{"start":{"line":34,"column":29},"end":{"line":38,"column":3}},"line":34},"2":{"name":"(anonymous_2)","decl":{"start":{"line":54,"column":21},"end":{"line":54,"column":22}},"loc":{"start":{"line":54,"column":28},"end":{"line":56,"column":3}},"line":54},"3":{"name":"(anonymous_3)","decl":{"start":{"line":57,"column":25},"end":{"line":57,"column":26}},"loc":{"start":{"line":57,"column":32},"end":{"line":59,"column":3}},"line":57},"4":{"name":"(anonymous_4)","decl":{"start":{"line":60,"column":22},"end":{"line":60,"column":23}},"loc":{"start":{"line":60,"column":29},"end":{"line":62,"column":3}},"line":60},"5":{"name":"(anonymous_5)","decl":{"start":{"line":64,"column":28},"end":{"line":64,"column":29}},"loc":{"start":{"line":64,"column":35},"end":{"line":66,"column":3}},"line":64},"6":{"name":"(anonymous_6)","decl":{"start":{"line":68,"column":22},"end":{"line":68,"column":23}},"loc":{"start":{"line":68,"column":29},"end":{"line":70,"column":3}},"line":68},"7":{"name":"(anonymous_7)","decl":{"start":{"line":72,"column":27},"end":{"line":72,"column":28}},"loc":{"start":{"line":72,"column":39},"end":{"line":74,"column":3}},"line":72},"8":{"name":"(anonymous_8)","decl":{"start":{"line":76,"column":22},"end":{"line":76,"column":23}},"loc":{"start":{"line":76,"column":29},"end":{"line":78,"column":3}},"line":76},"9":{"name":"(anonymous_9)","decl":{"start":{"line":80,"column":23},"end":{"line":80,"column":24}},"loc":{"start":{"line":80,"column":37},"end":{"line":91,"column":3}},"line":80},"10":{"name":"(anonymous_10)","decl":{"start":{"line":105,"column":19},"end":{"line":105,"column":20}},"loc":{"start":{"line":105,"column":47},"end":{"line":125,"column":3}},"line":105},"11":{"name":"(anonymous_11)","decl":{"start":{"line":127,"column":12},"end":{"line":127,"column":13}},"loc":{"start":{"line":127,"column":18},"end":{"line":144,"column":3}},"line":127},"12":{"name":"(anonymous_12)","decl":{"start":{"line":130,"column":5},"end":{"line":130,"column":6}},"loc":{"start":{"line":130,"column":17},"end":{"line":141,"column":5}},"line":130},"13":{"name":"(anonymous_13)","decl":{"start":{"line":143,"column":11},"end":{"line":143,"column":12}},"loc":{"start":{"line":143,"column":17},"end":{"line":143,"column":27}},"line":143},"14":{"name":"(anonymous_14)","decl":{"start":{"line":262,"column":33},"end":{"line":262,"column":34}},"loc":{"start":{"line":262,"column":41},"end":{"line":270,"column":17}},"line":262},"15":{"name":"(anonymous_15)","decl":{"start":{"line":280,"column":30},"end":{"line":280,"column":31}},"loc":{"start":{"line":280,"column":37},"end":{"line":280,"column":70}},"line":280},"16":{"name":"(anonymous_16)","decl":{"start":{"line":368,"column":27},"end":{"line":368,"column":28}},"loc":{"start":{"line":368,"column":33},"end":{"line":368,"column":54}},"line":368},"17":{"name":"(anonymous_17)","decl":{"start":{"line":377,"column":27},"end":{"line":377,"column":28}},"loc":{"start":{"line":377,"column":33},"end":{"line":377,"column":55}},"line":377}},"branchMap":{"0":{"loc":{"start":{"line":50,"column":19},"end":{"line":50,"column":51}},"type":"cond-expr","locations":[{"start":{"line":50,"column":39},"end":{"line":50,"column":43}},{"start":{"line":50,"column":46},"end":{"line":50,"column":51}}],"line":50},"1":{"loc":{"start":{"line":82,"column":6},"end":{"line":87,"column":7}},"type":"if","locations":[{"start":{"line":82,"column":6},"end":{"line":87,"column":7}},{"start":{},"end":{}}],"line":82},"2":{"loc":{"start":{"line":94,"column":23},"end":{"line":94,"column":34}},"type":"binary-expr","locations":[{"start":{"line":94,"column":23},"end":{"line":94,"column":28}},{"start":{"line":94,"column":32},"end":{"line":94,"column":34}}],"line":94},"3":{"loc":{"start":{"line":95,"column":22},"end":{"line":95,"column":36}},"type":"binary-expr","locations":[{"start":{"line":95,"column":22},"end":{"line":95,"column":30}},{"start":{"line":95,"column":34},"end":{"line":95,"column":36}}],"line":95},"4":{"loc":{"start":{"line":98,"column":19},"end":{"line":98,"column":30}},"type":"binary-expr","locations":[{"start":{"line":98,"column":19},"end":{"line":98,"column":24}},{"start":{"line":98,"column":28},"end":{"line":98,"column":30}}],"line":98},"5":{"loc":{"start":{"line":99,"column":26},"end":{"line":99,"column":42}},"type":"binary-expr","locations":[{"start":{"line":99,"column":26},"end":{"line":99,"column":36}},{"start":{"line":99,"column":40},"end":{"line":99,"column":42}}],"line":99},"6":{"loc":{"start":{"line":100,"column":12},"end":{"line":100,"column":24}},"type":"binary-expr","locations":[{"start":{"line":100,"column":12},"end":{"line":100,"column":18}},{"start":{"line":100,"column":22},"end":{"line":100,"column":24}}],"line":100},"7":{"loc":{"start":{"line":102,"column":13},"end":{"line":102,"column":25}},"type":"binary-expr","locations":[{"start":{"line":102,"column":13},"end":{"line":102,"column":19}},{"start":{"line":102,"column":23},"end":{"line":102,"column":25}}],"line":102},"8":{"loc":{"start":{"line":106,"column":4},"end":{"line":124,"column":5}},"type":"if","locations":[{"start":{"line":106,"column":4},"end":{"line":124,"column":5}},{"start":{},"end":{}}],"line":106},"9":{"loc":{"start":{"line":106,"column":8},"end":{"line":106,"column":54}},"type":"binary-expr","locations":[{"start":{"line":106,"column":8},"end":{"line":106,"column":13}},{"start":{"line":106,"column":17},"end":{"line":106,"column":42}},{"start":{"line":106,"column":46},"end":{"line":106,"column":54}}],"line":106},"10":{"loc":{"start":{"line":114,"column":8},"end":{"line":116,"column":9}},"type":"if","locations":[{"start":{"line":114,"column":8},"end":{"line":116,"column":9}},{"start":{},"end":{}}],"line":114},"11":{"loc":{"start":{"line":121,"column":8},"end":{"line":122,"column":58}},"type":"binary-expr","locations":[{"start":{"line":121,"column":8},"end":{"line":121,"column":41}},{"start":{"line":122,"column":10},"end":{"line":122,"column":58}}],"line":121},"12":{"loc":{"start":{"line":288,"column":17},"end":{"line":321,"column":24}},"type":"cond-expr","locations":[{"start":{"line":289,"column":18},"end":{"line":320,"column":24}},{"start":{"line":321,"column":20},"end":{"line":321,"column":24}}],"line":288},"13":{"loc":{"start":{"line":312,"column":24},"end":{"line":314,"column":34}},"type":"cond-expr","locations":[{"start":{"line":313,"column":28},"end":{"line":313,"column":69}},{"start":{"line":314,"column":28},"end":{"line":314,"column":34}}],"line":312},"14":{"loc":{"start":{"line":324,"column":13},"end":{"line":341,"column":20}},"type":"cond-expr","locations":[{"start":{"line":325,"column":14},"end":{"line":340,"column":20}},{"start":{"line":341,"column":16},"end":{"line":341,"column":20}}],"line":324},"15":{"loc":{"start":{"line":324,"column":13},"end":{"line":324,"column":45}},"type":"binary-expr","locations":[{"start":{"line":324,"column":13},"end":{"line":324,"column":28}},{"start":{"line":324,"column":32},"end":{"line":324,"column":45}}],"line":324},"16":{"loc":{"start":{"line":331,"column":20},"end":{"line":333,"column":28}},"type":"cond-expr","locations":[{"start":{"line":332,"column":24},"end":{"line":332,"column":49}},{"start":{"line":333,"column":24},"end":{"line":333,"column":28}}],"line":331},"17":{"loc":{"start":{"line":331,"column":20},"end":{"line":331,"column":52}},"type":"binary-expr","locations":[{"start":{"line":331,"column":20},"end":{"line":331,"column":35}},{"start":{"line":331,"column":39},"end":{"line":331,"column":52}}],"line":331},"18":{"loc":{"start":{"line":342,"column":13},"end":{"line":351,"column":20}},"type":"cond-expr","locations":[{"start":{"line":343,"column":14},"end":{"line":350,"column":26}},{"start":{"line":351,"column":16},"end":{"line":351,"column":20}}],"line":342}},"s":{"0":1,"1":0,"2":0,"3":0,"4":0,"5":0,"6":0,"7":0,"8":0,"9":0,"10":0,"11":0,"12":0,"13":0,"14":0,"15":0,"16":0,"17":0,"18":0,"19":0,"20":0,"21":0,"22":0,"23":0,"24":0,"25":0,"26":0,"27":0,"28":0,"29":0,"30":0,"31":0,"32":0,"33":0,"34":0,"35":0,"36":0,"37":0,"38":0,"39":0,"40":0,"41":0,"42":0,"43":0,"44":0,"45":0,"46":0,"47":0,"48":0,"49":0,"50":0,"51":0,"52":0,"53":0,"54":0,"55":0,"56":0,"57":0,"58":0,"59":0,"60":0,"61":0,"62":0,"63":0,"64":0,"65":0,"66":0,"67":0,"68":0,"69":0,"70":0,"71":0,"72":0,"73":0},"f":{"0":0,"1":0,"2":0,"3":0,"4":0,"5":0,"6":0,"7":0,"8":0,"9":0,"10":0,"11":0,"12":0,"13":0,"14":0,"15":0,"16":0,"17":0},"b":{"0":[0,0],"1":[0,0],"2":[0,0],"3":[0,0],"4":[0,0],"5":[0,0],"6":[0,0],"7":[0,0],"8":[0,0],"9":[0,0,0],"10":[0,0],"11":[0,0],"12":[0,0],"13":[0,0],"14":[0,0],"15":[0,0],"16":[0,0],"17":[0,0],"18":[0,0]},"_coverageSchema":"1a1c01bbd47fc00a2c39e90264f33305004495a9","hash":"53555db0ca7e49616763c127b0a27a48ae6fa539"}
,"C:\\Users\\rabiussanym\\OneDrive - MetLife\\Documents\\ULM_repo_1\\13639-ULM-client\\src\\pages\\leads\\LeadUpdateModal.js": {"path":"C:\\Users\\rabiussanym\\OneDrive - MetLife\\Documents\\ULM_repo_1\\13639-ULM-client\\src\\pages\\leads\\LeadUpdateModal.js","statementMap":{"0":{"start":{"line":11,"column":24},"end":{"line":316,"column":1}},"1":{"start":{"line":20,"column":17},"end":{"line":20,"column":31}},"2":{"start":{"line":21,"column":20},"end":{"line":21,"column":68}},"3":{"start":{"line":22,"column":23},"end":{"line":25,"column":3}},"4":{"start":{"line":23,"column":4},"end":{"line":23,"column":15}},"5":{"start":{"line":24,"column":4},"end":{"line":24,"column":23}},"6":{"start":{"line":27,"column":23},"end":{"line":27,"column":28}},"7":{"start":{"line":28,"column":34},"end":{"line":28,"column":46}},"8":{"start":{"line":29,"column":40},"end":{"line":29,"column":52}},"9":{"start":{"line":30,"column":32},"end":{"line":30,"column":47}},"10":{"start":{"line":31,"column":42},"end":{"line":43,"column":4}},"11":{"start":{"line":46,"column":4},"end":{"line":48,"column":39}},"12":{"start":{"line":50,"column":4},"end":{"line":52,"column":23}},"13":{"start":{"line":54,"column":27},"end":{"line":56,"column":3}},"14":{"start":{"line":55,"column":4},"end":{"line":55,"column":62}},"15":{"start":{"line":59,"column":18},"end":{"line":69,"column":3}},"16":{"start":{"line":71,"column":19},"end":{"line":100,"column":3}},"17":{"start":{"line":72,"column":4},"end":{"line":99,"column":5}},"18":{"start":{"line":77,"column":6},"end":{"line":92,"column":7}},"19":{"start":{"line":78,"column":8},"end":{"line":78,"column":25}},"20":{"start":{"line":80,"column":20},"end":{"line":80,"column":59}},"21":{"start":{"line":81,"column":8},"end":{"line":83,"column":9}},"22":{"start":{"line":82,"column":10},"end":{"line":82,"column":42}},"23":{"start":{"line":85,"column":8},"end":{"line":85,"column":31}},"24":{"start":{"line":86,"column":8},"end":{"line":86,"column":26}},"25":{"start":{"line":87,"column":8},"end":{"line":87,"column":34}},"26":{"start":{"line":89,"column":8},"end":{"line":89,"column":26}},"27":{"start":{"line":90,"column":8},"end":{"line":91,"column":56}},"28":{"start":{"line":94,"column":6},"end":{"line":98,"column":12}},"29":{"start":{"line":102,"column":2},"end":{"line":136,"column":27}},"30":{"start":{"line":103,"column":15},"end":{"line":103,"column":36}},"31":{"start":{"line":105,"column":4},"end":{"line":133,"column":9}},"32":{"start":{"line":106,"column":6},"end":{"line":132,"column":7}},"33":{"start":{"line":107,"column":8},"end":{"line":107,"column":25}},"34":{"start":{"line":108,"column":32},"end":{"line":108,"column":51}},"35":{"start":{"line":109,"column":8},"end":{"line":109,"column":50}},"36":{"start":{"line":111,"column":8},"end":{"line":128,"column":9}},"37":{"start":{"line":112,"column":30},"end":{"line":112,"column":58}},"38":{"start":{"line":113,"column":10},"end":{"line":126,"column":13}},"39":{"start":{"line":127,"column":10},"end":{"line":127,"column":61}},"40":{"start":{"line":129,"column":8},"end":{"line":129,"column":26}},"41":{"start":{"line":131,"column":8},"end":{"line":131,"column":26}},"42":{"start":{"line":135,"column":4},"end":{"line":135,"column":28}},"43":{"start":{"line":135,"column":17},"end":{"line":135,"column":27}},"44":{"start":{"line":138,"column":2},"end":{"line":315,"column":4}},"45":{"start":{"line":170,"column":20},"end":{"line":173,"column":22}},"46":{"start":{"line":200,"column":22},"end":{"line":203,"column":24}},"47":{"start":{"line":225,"column":22},"end":{"line":228,"column":24}},"48":{"start":{"line":261,"column":50},"end":{"line":264,"column":17}}},"fnMap":{"0":{"name":"(anonymous_0)","decl":{"start":{"line":11,"column":24},"end":{"line":11,"column":25}},"loc":{"start":{"line":19,"column":6},"end":{"line":316,"column":1}},"line":19},"1":{"name":"(anonymous_1)","decl":{"start":{"line":22,"column":23},"end":{"line":22,"column":24}},"loc":{"start":{"line":22,"column":29},"end":{"line":25,"column":3}},"line":22},"2":{"name":"(anonymous_2)","decl":{"start":{"line":54,"column":27},"end":{"line":54,"column":28}},"loc":{"start":{"line":54,"column":38},"end":{"line":56,"column":3}},"line":54},"3":{"name":"(anonymous_3)","decl":{"start":{"line":71,"column":19},"end":{"line":71,"column":20}},"loc":{"start":{"line":71,"column":31},"end":{"line":100,"column":3}},"line":71},"4":{"name":"(anonymous_4)","decl":{"start":{"line":102,"column":12},"end":{"line":102,"column":13}},"loc":{"start":{"line":102,"column":18},"end":{"line":136,"column":3}},"line":102},"5":{"name":"(anonymous_5)","decl":{"start":{"line":105,"column":5},"end":{"line":105,"column":6}},"loc":{"start":{"line":105,"column":17},"end":{"line":133,"column":5}},"line":105},"6":{"name":"(anonymous_6)","decl":{"start":{"line":135,"column":11},"end":{"line":135,"column":12}},"loc":{"start":{"line":135,"column":17},"end":{"line":135,"column":27}},"line":135},"7":{"name":"(anonymous_7)","decl":{"start":{"line":169,"column":28},"end":{"line":169,"column":29}},"loc":{"start":{"line":170,"column":20},"end":{"line":173,"column":22}},"line":170},"8":{"name":"(anonymous_8)","decl":{"start":{"line":199,"column":30},"end":{"line":199,"column":31}},"loc":{"start":{"line":200,"column":22},"end":{"line":203,"column":24}},"line":200},"9":{"name":"(anonymous_9)","decl":{"start":{"line":224,"column":30},"end":{"line":224,"column":31}},"loc":{"start":{"line":225,"column":22},"end":{"line":228,"column":24}},"line":225},"10":{"name":"(anonymous_10)","decl":{"start":{"line":261,"column":41},"end":{"line":261,"column":42}},"loc":{"start":{"line":261,"column":50},"end":{"line":264,"column":17}},"line":261}},"branchMap":{"0":{"loc":{"start":{"line":46,"column":4},"end":{"line":48,"column":39}},"type":"cond-expr","locations":[{"start":{"line":47,"column":8},"end":{"line":47,"column":53}},{"start":{"line":48,"column":8},"end":{"line":48,"column":39}}],"line":46},"1":{"loc":{"start":{"line":46,"column":4},"end":{"line":46,"column":54}},"type":"binary-expr","locations":[{"start":{"line":46,"column":4},"end":{"line":46,"column":46}},{"start":{"line":46,"column":50},"end":{"line":46,"column":54}}],"line":46},"2":{"loc":{"start":{"line":50,"column":4},"end":{"line":52,"column":23}},"type":"cond-expr","locations":[{"start":{"line":51,"column":8},"end":{"line":51,"column":36}},{"start":{"line":52,"column":8},"end":{"line":52,"column":23}}],"line":50},"3":{"loc":{"start":{"line":50,"column":4},"end":{"line":50,"column":54}},"type":"binary-expr","locations":[{"start":{"line":50,"column":4},"end":{"line":50,"column":46}},{"start":{"line":50,"column":50},"end":{"line":50,"column":54}}],"line":50},"4":{"loc":{"start":{"line":72,"column":4},"end":{"line":99,"column":5}},"type":"if","locations":[{"start":{"line":72,"column":4},"end":{"line":99,"column":5}},{"start":{"line":93,"column":11},"end":{"line":99,"column":5}}],"line":72},"5":{"loc":{"start":{"line":73,"column":6},"end":{"line":75,"column":32}},"type":"binary-expr","locations":[{"start":{"line":73,"column":6},"end":{"line":73,"column":29}},{"start":{"line":74,"column":6},"end":{"line":74,"column":34}},{"start":{"line":75,"column":6},"end":{"line":75,"column":32}}],"line":73},"6":{"loc":{"start":{"line":81,"column":8},"end":{"line":83,"column":9}},"type":"if","locations":[{"start":{"line":81,"column":8},"end":{"line":83,"column":9}},{"start":{},"end":{}}],"line":81},"7":{"loc":{"start":{"line":90,"column":8},"end":{"line":91,"column":55}},"type":"binary-expr","locations":[{"start":{"line":90,"column":8},"end":{"line":90,"column":38}},{"start":{"line":91,"column":10},"end":{"line":91,"column":55}}],"line":90},"8":{"loc":{"start":{"line":94,"column":6},"end":{"line":98,"column":11}},"type":"cond-expr","locations":[{"start":{"line":95,"column":10},"end":{"line":95,"column":49}},{"start":{"line":96,"column":10},"end":{"line":98,"column":11}}],"line":94},"9":{"loc":{"start":{"line":111,"column":8},"end":{"line":128,"column":9}},"type":"if","locations":[{"start":{"line":111,"column":8},"end":{"line":128,"column":9}},{"start":{},"end":{}}],"line":111},"10":{"loc":{"start":{"line":148,"column":9},"end":{"line":312,"column":9}},"type":"cond-expr","locations":[{"start":{"line":149,"column":10},"end":{"line":149,"column":42}},{"start":{"line":151,"column":10},"end":{"line":311,"column":16}}],"line":148},"11":{"loc":{"start":{"line":188,"column":15},"end":{"line":238,"column":15}},"type":"cond-expr","locations":[{"start":{"line":192,"column":16},"end":{"line":206,"column":28}},{"start":{"line":208,"column":16},"end":{"line":237,"column":28}}],"line":188},"12":{"loc":{"start":{"line":188,"column":15},"end":{"line":191,"column":59}},"type":"binary-expr","locations":[{"start":{"line":188,"column":16},"end":{"line":188,"column":54}},{"start":{"line":189,"column":16},"end":{"line":189,"column":54}},{"start":{"line":190,"column":15},"end":{"line":190,"column":57}},{"start":{"line":191,"column":16},"end":{"line":191,"column":58}}],"line":188},"13":{"loc":{"start":{"line":251,"column":15},"end":{"line":253,"column":22}},"type":"cond-expr","locations":[{"start":{"line":252,"column":16},"end":{"line":252,"column":78}},{"start":{"line":253,"column":18},"end":{"line":253,"column":22}}],"line":251}},"s":{"0":1,"1":0,"2":0,"3":0,"4":0,"5":0,"6":0,"7":0,"8":0,"9":0,"10":0,"11":0,"12":0,"13":0,"14":0,"15":0,"16":0,"17":0,"18":0,"19":0,"20":0,"21":0,"22":0,"23":0,"24":0,"25":0,"26":0,"27":0,"28":0,"29":0,"30":0,"31":0,"32":0,"33":0,"34":0,"35":0,"36":0,"37":0,"38":0,"39":0,"40":0,"41":0,"42":0,"43":0,"44":0,"45":0,"46":0,"47":0,"48":0},"f":{"0":0,"1":0,"2":0,"3":0,"4":0,"5":0,"6":0,"7":0,"8":0,"9":0,"10":0},"b":{"0":[0,0],"1":[0,0],"2":[0,0],"3":[0,0],"4":[0,0],"5":[0,0,0],"6":[0,0],"7":[0,0],"8":[0,0],"9":[0,0],"10":[0,0],"11":[0,0],"12":[0,0,0,0],"13":[0,0]},"_coverageSchema":"1a1c01bbd47fc00a2c39e90264f33305004495a9","hash":"1435cd5d26b369644081b516c8546072d0a5c918"}
,"C:\\Users\\rabiussanym\\OneDrive - MetLife\\Documents\\ULM_repo_1\\13639-ULM-client\\src\\pages\\leads\\LeadsPage.jsx": {"path":"C:\\Users\\rabiussanym\\OneDrive - MetLife\\Documents\\ULM_repo_1\\13639-ULM-client\\src\\pages\\leads\\LeadsPage.jsx","statementMap":{"0":{"start":{"line":13,"column":18},"end":{"line":345,"column":1}},"1":{"start":{"line":14,"column":34},"end":{"line":14,"column":49}},"2":{"start":{"line":15,"column":34},"end":{"line":15,"column":49}},"3":{"start":{"line":17,"column":40},"end":{"line":17,"column":52}},"4":{"start":{"line":19,"column":42},"end":{"line":19,"column":54}},"5":{"start":{"line":20,"column":35},"end":{"line":20,"column":46}},"6":{"start":{"line":21,"column":31},"end":{"line":21,"column":43}},"7":{"start":{"line":22,"column":33},"end":{"line":22,"column":44}},"8":{"start":{"line":23,"column":32},"end":{"line":23,"column":44}},"9":{"start":{"line":25,"column":38},"end":{"line":25,"column":50}},"10":{"start":{"line":26,"column":40},"end":{"line":26,"column":52}},"11":{"start":{"line":27,"column":42},"end":{"line":27,"column":66}},"12":{"start":{"line":29,"column":26},"end":{"line":32,"column":10}},"13":{"start":{"line":30,"column":4},"end":{"line":30,"column":28}},"14":{"start":{"line":31,"column":4},"end":{"line":31,"column":20}},"15":{"start":{"line":34,"column":28},"end":{"line":36,"column":3}},"16":{"start":{"line":35,"column":4},"end":{"line":35,"column":38}},"17":{"start":{"line":37,"column":24},"end":{"line":39,"column":3}},"18":{"start":{"line":38,"column":4},"end":{"line":38,"column":17}},"19":{"start":{"line":41,"column":40},"end":{"line":41,"column":55}},"20":{"start":{"line":42,"column":22},"end":{"line":44,"column":3}},"21":{"start":{"line":43,"column":4},"end":{"line":43,"column":25}},"22":{"start":{"line":46,"column":34},"end":{"line":46,"column":49}},"23":{"start":{"line":47,"column":22},"end":{"line":49,"column":3}},"24":{"start":{"line":48,"column":4},"end":{"line":48,"column":21}},"25":{"start":{"line":51,"column":48},"end":{"line":51,"column":63}},"26":{"start":{"line":52,"column":34},"end":{"line":52,"column":45}},"27":{"start":{"line":54,"column":30},"end":{"line":57,"column":3}},"28":{"start":{"line":55,"column":4},"end":{"line":55,"column":20}},"29":{"start":{"line":56,"column":4},"end":{"line":56,"column":29}},"30":{"start":{"line":59,"column":28},"end":{"line":61,"column":3}},"31":{"start":{"line":60,"column":4},"end":{"line":60,"column":30}},"32":{"start":{"line":63,"column":29},"end":{"line":67,"column":3}},"33":{"start":{"line":64,"column":20},"end":{"line":64,"column":34}},"34":{"start":{"line":65,"column":4},"end":{"line":65,"column":26}},"35":{"start":{"line":66,"column":4},"end":{"line":66,"column":25}},"36":{"start":{"line":69,"column":24},"end":{"line":71,"column":3}},"37":{"start":{"line":70,"column":4},"end":{"line":70,"column":26}},"38":{"start":{"line":73,"column":21},"end":{"line":95,"column":61}},"39":{"start":{"line":74,"column":4},"end":{"line":94,"column":5}},"40":{"start":{"line":75,"column":6},"end":{"line":75,"column":23}},"41":{"start":{"line":77,"column":32},"end":{"line":77,"column":53}},"42":{"start":{"line":78,"column":6},"end":{"line":78,"column":50}},"43":{"start":{"line":80,"column":26},"end":{"line":85,"column":7}},"44":{"start":{"line":86,"column":6},"end":{"line":86,"column":54}},"45":{"start":{"line":87,"column":6},"end":{"line":87,"column":52}},"46":{"start":{"line":88,"column":6},"end":{"line":88,"column":69}},"47":{"start":{"line":89,"column":6},"end":{"line":89,"column":63}},"48":{"start":{"line":91,"column":6},"end":{"line":91,"column":24}},"49":{"start":{"line":93,"column":6},"end":{"line":93,"column":24}},"50":{"start":{"line":97,"column":2},"end":{"line":101,"column":19}},"51":{"start":{"line":98,"column":15},"end":{"line":98,"column":36}},"52":{"start":{"line":99,"column":4},"end":{"line":99,"column":17}},"53":{"start":{"line":100,"column":4},"end":{"line":100,"column":28}},"54":{"start":{"line":100,"column":17},"end":{"line":100,"column":27}},"55":{"start":{"line":103,"column":18},"end":{"line":229,"column":3}},"56":{"start":{"line":108,"column":24},"end":{"line":108,"column":67}},"57":{"start":{"line":116,"column":24},"end":{"line":116,"column":64}},"58":{"start":{"line":125,"column":24},"end":{"line":125,"column":65}},"59":{"start":{"line":135,"column":24},"end":{"line":135,"column":51}},"60":{"start":{"line":145,"column":24},"end":{"line":145,"column":59}},"61":{"start":{"line":154,"column":24},"end":{"line":154,"column":73}},"62":{"start":{"line":165,"column":24},"end":{"line":165,"column":77}},"63":{"start":{"line":176,"column":24},"end":{"line":176,"column":69}},"64":{"start":{"line":183,"column":8},"end":{"line":209,"column":10}},"65":{"start":{"line":218,"column":8},"end":{"line":226,"column":10}},"66":{"start":{"line":220,"column":37},"end":{"line":220,"column":70}},"67":{"start":{"line":231,"column":2},"end":{"line":344,"column":4}},"68":{"start":{"line":268,"column":35},"end":{"line":268,"column":57}},"69":{"start":{"line":272,"column":16},"end":{"line":278,"column":18}},"70":{"start":{"line":312,"column":30},"end":{"line":312,"column":51}},"71":{"start":{"line":337,"column":26},"end":{"line":337,"column":50}}},"fnMap":{"0":{"name":"(anonymous_0)","decl":{"start":{"line":13,"column":18},"end":{"line":13,"column":19}},"loc":{"start":{"line":13,"column":24},"end":{"line":345,"column":1}},"line":13},"1":{"name":"(anonymous_1)","decl":{"start":{"line":29,"column":35},"end":{"line":29,"column":36}},"loc":{"start":{"line":29,"column":48},"end":{"line":32,"column":3}},"line":29},"2":{"name":"(anonymous_2)","decl":{"start":{"line":34,"column":28},"end":{"line":34,"column":29}},"loc":{"start":{"line":34,"column":35},"end":{"line":36,"column":3}},"line":34},"3":{"name":"(anonymous_3)","decl":{"start":{"line":37,"column":24},"end":{"line":37,"column":25}},"loc":{"start":{"line":37,"column":37},"end":{"line":39,"column":3}},"line":37},"4":{"name":"(anonymous_4)","decl":{"start":{"line":42,"column":22},"end":{"line":42,"column":23}},"loc":{"start":{"line":42,"column":28},"end":{"line":44,"column":3}},"line":42},"5":{"name":"(anonymous_5)","decl":{"start":{"line":47,"column":22},"end":{"line":47,"column":23}},"loc":{"start":{"line":47,"column":28},"end":{"line":49,"column":3}},"line":47},"6":{"name":"(anonymous_6)","decl":{"start":{"line":54,"column":30},"end":{"line":54,"column":31}},"loc":{"start":{"line":54,"column":38},"end":{"line":57,"column":3}},"line":54},"7":{"name":"(anonymous_7)","decl":{"start":{"line":59,"column":28},"end":{"line":59,"column":29}},"loc":{"start":{"line":59,"column":34},"end":{"line":61,"column":3}},"line":59},"8":{"name":"(anonymous_8)","decl":{"start":{"line":63,"column":29},"end":{"line":63,"column":30}},"loc":{"start":{"line":63,"column":55},"end":{"line":67,"column":3}},"line":63},"9":{"name":"(anonymous_9)","decl":{"start":{"line":69,"column":24},"end":{"line":69,"column":25}},"loc":{"start":{"line":69,"column":64},"end":{"line":71,"column":3}},"line":69},"10":{"name":"(anonymous_10)","decl":{"start":{"line":73,"column":33},"end":{"line":73,"column":34}},"loc":{"start":{"line":73,"column":45},"end":{"line":95,"column":3}},"line":73},"11":{"name":"(anonymous_11)","decl":{"start":{"line":97,"column":12},"end":{"line":97,"column":13}},"loc":{"start":{"line":97,"column":18},"end":{"line":101,"column":3}},"line":97},"12":{"name":"(anonymous_12)","decl":{"start":{"line":100,"column":11},"end":{"line":100,"column":12}},"loc":{"start":{"line":100,"column":17},"end":{"line":100,"column":27}},"line":100},"13":{"name":"(anonymous_13)","decl":{"start":{"line":108,"column":14},"end":{"line":108,"column":15}},"loc":{"start":{"line":108,"column":24},"end":{"line":108,"column":67}},"line":108},"14":{"name":"(anonymous_14)","decl":{"start":{"line":116,"column":14},"end":{"line":116,"column":15}},"loc":{"start":{"line":116,"column":24},"end":{"line":116,"column":64}},"line":116},"15":{"name":"(anonymous_15)","decl":{"start":{"line":125,"column":14},"end":{"line":125,"column":15}},"loc":{"start":{"line":125,"column":24},"end":{"line":125,"column":65}},"line":125},"16":{"name":"(anonymous_16)","decl":{"start":{"line":135,"column":14},"end":{"line":135,"column":15}},"loc":{"start":{"line":135,"column":24},"end":{"line":135,"column":51}},"line":135},"17":{"name":"(anonymous_17)","decl":{"start":{"line":145,"column":14},"end":{"line":145,"column":15}},"loc":{"start":{"line":145,"column":24},"end":{"line":145,"column":59}},"line":145},"18":{"name":"(anonymous_18)","decl":{"start":{"line":154,"column":14},"end":{"line":154,"column":15}},"loc":{"start":{"line":154,"column":24},"end":{"line":154,"column":73}},"line":154},"19":{"name":"(anonymous_19)","decl":{"start":{"line":165,"column":14},"end":{"line":165,"column":15}},"loc":{"start":{"line":165,"column":24},"end":{"line":165,"column":77}},"line":165},"20":{"name":"(anonymous_20)","decl":{"start":{"line":176,"column":14},"end":{"line":176,"column":15}},"loc":{"start":{"line":176,"column":24},"end":{"line":176,"column":69}},"line":176},"21":{"name":"(anonymous_21)","decl":{"start":{"line":182,"column":14},"end":{"line":182,"column":15}},"loc":{"start":{"line":182,"column":30},"end":{"line":210,"column":7}},"line":182},"22":{"name":"(anonymous_22)","decl":{"start":{"line":217,"column":14},"end":{"line":217,"column":15}},"loc":{"start":{"line":217,"column":33},"end":{"line":227,"column":7}},"line":217},"23":{"name":"(anonymous_23)","decl":{"start":{"line":220,"column":30},"end":{"line":220,"column":31}},"loc":{"start":{"line":220,"column":37},"end":{"line":220,"column":70}},"line":220},"24":{"name":"(anonymous_24)","decl":{"start":{"line":268,"column":24},"end":{"line":268,"column":25}},"loc":{"start":{"line":268,"column":35},"end":{"line":268,"column":57}},"line":268},"25":{"name":"(anonymous_25)","decl":{"start":{"line":271,"column":31},"end":{"line":271,"column":32}},"loc":{"start":{"line":271,"column":39},"end":{"line":279,"column":15}},"line":271},"26":{"name":"(anonymous_26)","decl":{"start":{"line":312,"column":24},"end":{"line":312,"column":25}},"loc":{"start":{"line":312,"column":30},"end":{"line":312,"column":51}},"line":312},"27":{"name":"(anonymous_27)","decl":{"start":{"line":337,"column":20},"end":{"line":337,"column":21}},"loc":{"start":{"line":337,"column":26},"end":{"line":337,"column":50}},"line":337}},"branchMap":{"0":{"loc":{"start":{"line":27,"column":51},"end":{"line":27,"column":65}},"type":"cond-expr","locations":[{"start":{"line":27,"column":59},"end":{"line":27,"column":61}},{"start":{"line":27,"column":64},"end":{"line":27,"column":65}}],"line":27},"1":{"loc":{"start":{"line":109,"column":17},"end":{"line":109,"column":78}},"type":"cond-expr","locations":[{"start":{"line":109,"column":55},"end":{"line":109,"column":71}},{"start":{"line":109,"column":74},"end":{"line":109,"column":78}}],"line":109},"2":{"loc":{"start":{"line":117,"column":17},"end":{"line":117,"column":79}},"type":"cond-expr","locations":[{"start":{"line":117,"column":56},"end":{"line":117,"column":72}},{"start":{"line":117,"column":75},"end":{"line":117,"column":79}}],"line":117},"3":{"loc":{"start":{"line":126,"column":17},"end":{"line":126,"column":78}},"type":"cond-expr","locations":[{"start":{"line":126,"column":55},"end":{"line":126,"column":71}},{"start":{"line":126,"column":74},"end":{"line":126,"column":78}}],"line":126},"4":{"loc":{"start":{"line":136,"column":17},"end":{"line":136,"column":79}},"type":"cond-expr","locations":[{"start":{"line":136,"column":56},"end":{"line":136,"column":72}},{"start":{"line":136,"column":75},"end":{"line":136,"column":79}}],"line":136},"5":{"loc":{"start":{"line":146,"column":17},"end":{"line":146,"column":75}},"type":"cond-expr","locations":[{"start":{"line":146,"column":52},"end":{"line":146,"column":68}},{"start":{"line":146,"column":71},"end":{"line":146,"column":75}}],"line":146},"6":{"loc":{"start":{"line":156,"column":8},"end":{"line":156,"column":73}},"type":"cond-expr","locations":[{"start":{"line":156,"column":50},"end":{"line":156,"column":66}},{"start":{"line":156,"column":69},"end":{"line":156,"column":73}}],"line":156},"7":{"loc":{"start":{"line":167,"column":8},"end":{"line":167,"column":75}},"type":"cond-expr","locations":[{"start":{"line":167,"column":52},"end":{"line":167,"column":68}},{"start":{"line":167,"column":71},"end":{"line":167,"column":75}}],"line":167},"8":{"loc":{"start":{"line":178,"column":8},"end":{"line":178,"column":71}},"type":"cond-expr","locations":[{"start":{"line":178,"column":48},"end":{"line":178,"column":64}},{"start":{"line":178,"column":67},"end":{"line":178,"column":71}}],"line":178},"9":{"loc":{"start":{"line":183,"column":15},"end":{"line":209,"column":9}},"type":"cond-expr","locations":[{"start":{"line":184,"column":10},"end":{"line":195,"column":13}},{"start":{"line":197,"column":10},"end":{"line":208,"column":13}}],"line":183},"10":{"loc":{"start":{"line":183,"column":15},"end":{"line":183,"column":72}},"type":"binary-expr","locations":[{"start":{"line":183,"column":15},"end":{"line":183,"column":40}},{"start":{"line":183,"column":44},"end":{"line":183,"column":72}}],"line":183},"11":{"loc":{"start":{"line":218,"column":15},"end":{"line":226,"column":9}},"type":"cond-expr","locations":[{"start":{"line":219,"column":10},"end":{"line":223,"column":13}},{"start":{"line":225,"column":10},"end":{"line":225,"column":42}}],"line":218},"12":{"loc":{"start":{"line":309,"column":11},"end":{"line":317,"column":11}},"type":"binary-expr","locations":[{"start":{"line":309,"column":11},"end":{"line":309,"column":22}},{"start":{"line":310,"column":12},"end":{"line":316,"column":14}}],"line":309},"13":{"loc":{"start":{"line":319,"column":11},"end":{"line":328,"column":11}},"type":"binary-expr","locations":[{"start":{"line":319,"column":11},"end":{"line":319,"column":20}},{"start":{"line":320,"column":12},"end":{"line":327,"column":14}}],"line":319},"14":{"loc":{"start":{"line":332,"column":7},"end":{"line":342,"column":7}},"type":"binary-expr","locations":[{"start":{"line":332,"column":7},"end":{"line":332,"column":22}},{"start":{"line":333,"column":8},"end":{"line":341,"column":10}}],"line":332}},"s":{"0":1,"1":2,"2":2,"3":2,"4":2,"5":2,"6":2,"7":2,"8":2,"9":2,"10":2,"11":2,"12":2,"13":0,"14":0,"15":2,"16":0,"17":2,"18":0,"19":2,"20":2,"21":0,"22":2,"23":2,"24":0,"25":2,"26":2,"27":2,"28":0,"29":0,"30":2,"31":0,"32":2,"33":0,"34":0,"35":0,"36":2,"37":0,"38":2,"39":1,"40":1,"41":1,"42":0,"43":0,"44":0,"45":0,"46":0,"47":0,"48":0,"49":0,"50":2,"51":1,"52":1,"53":1,"54":1,"55":2,"56":0,"57":0,"58":0,"59":0,"60":0,"61":0,"62":0,"63":0,"64":0,"65":0,"66":0,"67":2,"68":0,"69":0,"70":0,"71":0},"f":{"0":2,"1":0,"2":0,"3":0,"4":0,"5":0,"6":0,"7":0,"8":0,"9":0,"10":1,"11":1,"12":1,"13":0,"14":0,"15":0,"16":0,"17":0,"18":0,"19":0,"20":0,"21":0,"22":0,"23":0,"24":0,"25":0,"26":0,"27":0},"b":{"0":[2,0],"1":[0,2],"2":[0,2],"3":[0,2],"4":[0,2],"5":[0,2],"6":[0,2],"7":[0,2],"8":[0,2],"9":[0,0],"10":[0,0],"11":[0,0],"12":[2,0],"13":[2,0],"14":[2,0]},"_coverageSchema":"1a1c01bbd47fc00a2c39e90264f33305004495a9","hash":"8da70cddf944f8c55d7e880ea8213410c2f0afc3"}
,"C:\\Users\\rabiussanym\\OneDrive - MetLife\\Documents\\ULM_repo_1\\13639-ULM-client\\src\\pages\\leads\\CustomModal\\UploadModal.jsx": {"path":"C:\\Users\\rabiussanym\\OneDrive - MetLife\\Documents\\ULM_repo_1\\13639-ULM-client\\src\\pages\\leads\\CustomModal\\UploadModal.jsx","statementMap":{"0":{"start":{"line":9,"column":20},"end":{"line":115,"column":1}},"1":{"start":{"line":17,"column":17},"end":{"line":17,"column":31}},"2":{"start":{"line":18,"column":22},"end":{"line":18,"column":28}},"3":{"start":{"line":19,"column":34},"end":{"line":19,"column":49}},"4":{"start":{"line":21,"column":23},"end":{"line":24,"column":3}},"5":{"start":{"line":22,"column":4},"end":{"line":22,"column":23}},"6":{"start":{"line":23,"column":4},"end":{"line":23,"column":15}},"7":{"start":{"line":26,"column":19},"end":{"line":56,"column":3}},"8":{"start":{"line":27,"column":17},"end":{"line":27,"column":57}},"9":{"start":{"line":29,"column":4},"end":{"line":55,"column":5}},"10":{"start":{"line":30,"column":6},"end":{"line":30,"column":23}},"11":{"start":{"line":31,"column":6},"end":{"line":50,"column":7}},"12":{"start":{"line":32,"column":25},"end":{"line":32,"column":39}},"13":{"start":{"line":33,"column":8},"end":{"line":33,"column":38}},"14":{"start":{"line":34,"column":25},"end":{"line":38,"column":10}},"15":{"start":{"line":39,"column":8},"end":{"line":41,"column":9}},"16":{"start":{"line":40,"column":10},"end":{"line":40,"column":55}},"17":{"start":{"line":42,"column":8},"end":{"line":44,"column":53}},"18":{"start":{"line":45,"column":8},"end":{"line":45,"column":27}},"19":{"start":{"line":46,"column":8},"end":{"line":46,"column":31}},"20":{"start":{"line":47,"column":8},"end":{"line":47,"column":30}},"21":{"start":{"line":49,"column":8},"end":{"line":49,"column":52}},"22":{"start":{"line":51,"column":6},"end":{"line":51,"column":24}},"23":{"start":{"line":53,"column":6},"end":{"line":53,"column":24}},"24":{"start":{"line":54,"column":6},"end":{"line":54,"column":80}},"25":{"start":{"line":58,"column":2},"end":{"line":114,"column":4}},"26":{"start":{"line":91,"column":36},"end":{"line":91,"column":41}}},"fnMap":{"0":{"name":"(anonymous_0)","decl":{"start":{"line":9,"column":20},"end":{"line":9,"column":21}},"loc":{"start":{"line":16,"column":6},"end":{"line":115,"column":1}},"line":16},"1":{"name":"(anonymous_1)","decl":{"start":{"line":21,"column":23},"end":{"line":21,"column":24}},"loc":{"start":{"line":21,"column":29},"end":{"line":24,"column":3}},"line":21},"2":{"name":"(anonymous_2)","decl":{"start":{"line":26,"column":19},"end":{"line":26,"column":20}},"loc":{"start":{"line":26,"column":37},"end":{"line":56,"column":3}},"line":26},"3":{"name":"(anonymous_3)","decl":{"start":{"line":91,"column":30},"end":{"line":91,"column":31}},"loc":{"start":{"line":91,"column":36},"end":{"line":91,"column":41}},"line":91}},"branchMap":{"0":{"loc":{"start":{"line":31,"column":6},"end":{"line":50,"column":7}},"type":"if","locations":[{"start":{"line":31,"column":6},"end":{"line":50,"column":7}},{"start":{"line":48,"column":13},"end":{"line":50,"column":7}}],"line":31},"1":{"loc":{"start":{"line":39,"column":8},"end":{"line":41,"column":9}},"type":"if","locations":[{"start":{"line":39,"column":8},"end":{"line":41,"column":9}},{"start":{},"end":{}}],"line":39},"2":{"loc":{"start":{"line":42,"column":8},"end":{"line":44,"column":52}},"type":"cond-expr","locations":[{"start":{"line":43,"column":12},"end":{"line":43,"column":52}},{"start":{"line":44,"column":12},"end":{"line":44,"column":52}}],"line":42},"3":{"loc":{"start":{"line":54,"column":6},"end":{"line":54,"column":79}},"type":"binary-expr","locations":[{"start":{"line":54,"column":6},"end":{"line":54,"column":33}},{"start":{"line":54,"column":37},"end":{"line":54,"column":79}}],"line":54},"4":{"loc":{"start":{"line":60,"column":7},"end":{"line":112,"column":7}},"type":"cond-expr","locations":[{"start":{"line":61,"column":8},"end":{"line":61,"column":40}},{"start":{"line":63,"column":8},"end":{"line":111,"column":16}}],"line":60}},"s":{"0":1,"1":0,"2":0,"3":0,"4":0,"5":0,"6":0,"7":0,"8":0,"9":0,"10":0,"11":0,"12":0,"13":0,"14":0,"15":0,"16":0,"17":0,"18":0,"19":0,"20":0,"21":0,"22":0,"23":0,"24":0,"25":0,"26":0},"f":{"0":0,"1":0,"2":0,"3":0},"b":{"0":[0,0],"1":[0,0],"2":[0,0],"3":[0,0],"4":[0,0]},"_coverageSchema":"1a1c01bbd47fc00a2c39e90264f33305004495a9","hash":"048aefdb3e93a91583f423d88c9f1f6a587f6e42"}
,"C:\\Users\\rabiussanym\\OneDrive - MetLife\\Documents\\ULM_repo_1\\13639-ULM-client\\src\\pages\\leads\\Service\\lead_service.js": {"path":"C:\\Users\\rabiussanym\\OneDrive - MetLife\\Documents\\ULM_repo_1\\13639-ULM-client\\src\\pages\\leads\\Service\\lead_service.js","statementMap":{"0":{"start":{"line":3,"column":27},"end":{"line":5,"column":1}},"1":{"start":{"line":4,"column":2},"end":{"line":4,"column":43}},"2":{"start":{"line":6,"column":32},"end":{"line":8,"column":1}},"3":{"start":{"line":7,"column":2},"end":{"line":7,"column":49}},"4":{"start":{"line":10,"column":31},"end":{"line":12,"column":1}},"5":{"start":{"line":11,"column":2},"end":{"line":11,"column":59}},"6":{"start":{"line":14,"column":38},"end":{"line":18,"column":1}},"7":{"start":{"line":15,"column":2},"end":{"line":17,"column":4}},"8":{"start":{"line":20,"column":35},"end":{"line":28,"column":1}},"9":{"start":{"line":25,"column":2},"end":{"line":27,"column":4}},"10":{"start":{"line":30,"column":28},"end":{"line":32,"column":1}},"11":{"start":{"line":31,"column":2},"end":{"line":31,"column":45}},"12":{"start":{"line":34,"column":30},"end":{"line":36,"column":1}},"13":{"start":{"line":35,"column":2},"end":{"line":35,"column":54}},"14":{"start":{"line":38,"column":32},"end":{"line":40,"column":1}},"15":{"start":{"line":39,"column":2},"end":{"line":39,"column":68}},"16":{"start":{"line":42,"column":29},"end":{"line":44,"column":1}},"17":{"start":{"line":43,"column":2},"end":{"line":43,"column":46}}},"fnMap":{"0":{"name":"(anonymous_0)","decl":{"start":{"line":3,"column":27},"end":{"line":3,"column":28}},"loc":{"start":{"line":3,"column":39},"end":{"line":5,"column":1}},"line":3},"1":{"name":"(anonymous_1)","decl":{"start":{"line":6,"column":32},"end":{"line":6,"column":33}},"loc":{"start":{"line":6,"column":51},"end":{"line":8,"column":1}},"line":6},"2":{"name":"(anonymous_2)","decl":{"start":{"line":10,"column":31},"end":{"line":10,"column":32}},"loc":{"start":{"line":10,"column":55},"end":{"line":12,"column":1}},"line":10},"3":{"name":"(anonymous_3)","decl":{"start":{"line":14,"column":38},"end":{"line":14,"column":39}},"loc":{"start":{"line":14,"column":97},"end":{"line":18,"column":1}},"line":14},"4":{"name":"(anonymous_4)","decl":{"start":{"line":20,"column":35},"end":{"line":20,"column":36}},"loc":{"start":{"line":24,"column":5},"end":{"line":28,"column":1}},"line":24},"5":{"name":"(anonymous_5)","decl":{"start":{"line":30,"column":28},"end":{"line":30,"column":29}},"loc":{"start":{"line":30,"column":42},"end":{"line":32,"column":1}},"line":30},"6":{"name":"(anonymous_6)","decl":{"start":{"line":34,"column":30},"end":{"line":34,"column":31}},"loc":{"start":{"line":34,"column":53},"end":{"line":36,"column":1}},"line":34},"7":{"name":"(anonymous_7)","decl":{"start":{"line":38,"column":32},"end":{"line":38,"column":33}},"loc":{"start":{"line":38,"column":50},"end":{"line":40,"column":1}},"line":38},"8":{"name":"(anonymous_8)","decl":{"start":{"line":42,"column":29},"end":{"line":42,"column":30}},"loc":{"start":{"line":42,"column":41},"end":{"line":44,"column":1}},"line":42}},"branchMap":{},"s":{"0":1,"1":0,"2":1,"3":0,"4":1,"5":0,"6":1,"7":0,"8":1,"9":0,"10":1,"11":0,"12":1,"13":0,"14":1,"15":0,"16":1,"17":1},"f":{"0":0,"1":0,"2":0,"3":0,"4":0,"5":0,"6":0,"7":0,"8":1},"b":{},"_coverageSchema":"1a1c01bbd47fc00a2c39e90264f33305004495a9","hash":"ab3b9a2a6d723c37ba161384cf488f73fd9f1d47"}
,"C:\\Users\\rabiussanym\\OneDrive - MetLife\\Documents\\ULM_repo_1\\13639-ULM-client\\src\\pages\\login\\LoginPage.jsx": {"path":"C:\\Users\\rabiussanym\\OneDrive - MetLife\\Documents\\ULM_repo_1\\13639-ULM-client\\src\\pages\\login\\LoginPage.jsx","statementMap":{"0":{"start":{"line":11,"column":18},"end":{"line":97,"column":1}},"1":{"start":{"line":13,"column":4},"end":{"line":13,"column":289}},"2":{"start":{"line":16,"column":24},"end":{"line":16,"column":494}},"3":{"start":{"line":18,"column":20},"end":{"line":18,"column":63}},"4":{"start":{"line":19,"column":15},"end":{"line":19,"column":36}},"5":{"start":{"line":20,"column":34},"end":{"line":20,"column":49}},"6":{"start":{"line":21,"column":30},"end":{"line":21,"column":44}},"7":{"start":{"line":25,"column":16},"end":{"line":25,"column":52}},"8":{"start":{"line":26,"column":2},"end":{"line":30,"column":3}},"9":{"start":{"line":27,"column":4},"end":{"line":27,"column":38}},"10":{"start":{"line":28,"column":9},"end":{"line":30,"column":3}},"11":{"start":{"line":29,"column":4},"end":{"line":29,"column":41}},"12":{"start":{"line":32,"column":18},"end":{"line":34,"column":3}},"13":{"start":{"line":37,"column":2},"end":{"line":65,"column":13}},"14":{"start":{"line":38,"column":4},"end":{"line":64,"column":5}},"15":{"start":{"line":39,"column":6},"end":{"line":63,"column":11}},"16":{"start":{"line":40,"column":8},"end":{"line":62,"column":9}},"17":{"start":{"line":41,"column":10},"end":{"line":41,"column":27}},"18":{"start":{"line":42,"column":22},"end":{"line":42,"column":46}},"19":{"start":{"line":44,"column":10},"end":{"line":56,"column":11}},"20":{"start":{"line":45,"column":12},"end":{"line":45,"column":27}},"21":{"start":{"line":46,"column":26},"end":{"line":46,"column":45}},"22":{"start":{"line":47,"column":29},"end":{"line":47,"column":51}},"23":{"start":{"line":48,"column":12},"end":{"line":48,"column":56}},"24":{"start":{"line":49,"column":25},"end":{"line":49,"column":42}},"25":{"start":{"line":50,"column":12},"end":{"line":50,"column":63}},"26":{"start":{"line":51,"column":12},"end":{"line":51,"column":71}},"27":{"start":{"line":52,"column":12},"end":{"line":52,"column":48}},"28":{"start":{"line":53,"column":12},"end":{"line":53,"column":46}},"29":{"start":{"line":54,"column":12},"end":{"line":54,"column":30}},"30":{"start":{"line":55,"column":12},"end":{"line":55,"column":19}},"31":{"start":{"line":58,"column":10},"end":{"line":58,"column":28}},"32":{"start":{"line":59,"column":10},"end":{"line":61,"column":19}},"33":{"start":{"line":60,"column":12},"end":{"line":60,"column":50}},"34":{"start":{"line":67,"column":2},"end":{"line":96,"column":4}}},"fnMap":{"0":{"name":"(anonymous_0)","decl":{"start":{"line":11,"column":18},"end":{"line":11,"column":19}},"loc":{"start":{"line":11,"column":24},"end":{"line":97,"column":1}},"line":11},"1":{"name":"(anonymous_1)","decl":{"start":{"line":37,"column":12},"end":{"line":37,"column":13}},"loc":{"start":{"line":37,"column":18},"end":{"line":65,"column":3}},"line":37},"2":{"name":"(anonymous_2)","decl":{"start":{"line":39,"column":7},"end":{"line":39,"column":8}},"loc":{"start":{"line":39,"column":19},"end":{"line":63,"column":7}},"line":39},"3":{"name":"(anonymous_3)","decl":{"start":{"line":59,"column":21},"end":{"line":59,"column":22}},"loc":{"start":{"line":59,"column":27},"end":{"line":61,"column":11}},"line":59}},"branchMap":{"0":{"loc":{"start":{"line":26,"column":2},"end":{"line":30,"column":3}},"type":"if","locations":[{"start":{"line":26,"column":2},"end":{"line":30,"column":3}},{"start":{"line":28,"column":9},"end":{"line":30,"column":3}}],"line":26},"1":{"loc":{"start":{"line":28,"column":9},"end":{"line":30,"column":3}},"type":"if","locations":[{"start":{"line":28,"column":9},"end":{"line":30,"column":3}},{"start":{},"end":{}}],"line":28},"2":{"loc":{"start":{"line":38,"column":4},"end":{"line":64,"column":5}},"type":"if","locations":[{"start":{"line":38,"column":4},"end":{"line":64,"column":5}},{"start":{},"end":{}}],"line":38},"3":{"loc":{"start":{"line":44,"column":10},"end":{"line":56,"column":11}},"type":"if","locations":[{"start":{"line":44,"column":10},"end":{"line":56,"column":11}},{"start":{},"end":{}}],"line":44},"4":{"loc":{"start":{"line":69,"column":7},"end":{"line":94,"column":7}},"type":"cond-expr","locations":[{"start":{"line":70,"column":8},"end":{"line":70,"column":40}},{"start":{"line":72,"column":8},"end":{"line":93,"column":14}}],"line":69},"5":{"loc":{"start":{"line":79,"column":17},"end":{"line":89,"column":17}},"type":"cond-expr","locations":[{"start":{"line":80,"column":18},"end":{"line":83,"column":21}},{"start":{"line":85,"column":18},"end":{"line":88,"column":21}}],"line":79}},"s":{"0":1,"1":1,"2":1,"3":1,"4":1,"5":1,"6":1,"7":1,"8":1,"9":1,"10":0,"11":0,"12":1,"13":1,"14":1,"15":0,"16":0,"17":0,"18":0,"19":0,"20":0,"21":0,"22":0,"23":0,"24":0,"25":0,"26":0,"27":0,"28":0,"29":0,"30":0,"31":0,"32":0,"33":0,"34":1},"f":{"0":1,"1":1,"2":0,"3":0},"b":{"0":[1,0],"1":[0,0],"2":[0,1],"3":[0,0],"4":[0,1],"5":[0,1]},"_coverageSchema":"1a1c01bbd47fc00a2c39e90264f33305004495a9","hash":"435213cd6a78fdacb17d93ab4c1f0fb76456ceb3"}
,"C:\\Users\\rabiussanym\\OneDrive - MetLife\\Documents\\ULM_repo_1\\13639-ULM-client\\src\\pages\\user-management\\UserManagement.jsx": {"path":"C:\\Users\\rabiussanym\\OneDrive - MetLife\\Documents\\ULM_repo_1\\13639-ULM-client\\src\\pages\\user-management\\UserManagement.jsx","statementMap":{"0":{"start":{"line":15,"column":23},"end":{"line":333,"column":1}},"1":{"start":{"line":16,"column":21},"end":{"line":16,"column":27}},"2":{"start":{"line":17,"column":17},"end":{"line":17,"column":31}},"3":{"start":{"line":18,"column":34},"end":{"line":18,"column":49}},"4":{"start":{"line":19,"column":34},"end":{"line":19,"column":77}},"5":{"start":{"line":20,"column":26},"end":{"line":20,"column":38}},"6":{"start":{"line":21,"column":38},"end":{"line":21,"column":50}},"7":{"start":{"line":22,"column":34},"end":{"line":22,"column":46}},"8":{"start":{"line":23,"column":26},"end":{"line":23,"column":38}},"9":{"start":{"line":24,"column":38},"end":{"line":24,"column":50}},"10":{"start":{"line":26,"column":24},"end":{"line":28,"column":3}},"11":{"start":{"line":27,"column":4},"end":{"line":27,"column":26}},"12":{"start":{"line":30,"column":17},"end":{"line":32,"column":5}},"13":{"start":{"line":30,"column":64},"end":{"line":32,"column":3}},"14":{"start":{"line":33,"column":25},"end":{"line":36,"column":5}},"15":{"start":{"line":33,"column":52},"end":{"line":36,"column":3}},"16":{"start":{"line":38,"column":18},"end":{"line":38,"column":45}},"17":{"start":{"line":40,"column":24},"end":{"line":40,"column":33}},"18":{"start":{"line":41,"column":19},"end":{"line":63,"column":3}},"19":{"start":{"line":42,"column":20},"end":{"line":48,"column":5}},"20":{"start":{"line":51,"column":4},"end":{"line":62,"column":5}},"21":{"start":{"line":52,"column":6},"end":{"line":59,"column":11}},"22":{"start":{"line":53,"column":8},"end":{"line":53,"column":54}},"23":{"start":{"line":54,"column":20},"end":{"line":54,"column":45}},"24":{"start":{"line":55,"column":8},"end":{"line":55,"column":42}},"25":{"start":{"line":56,"column":8},"end":{"line":56,"column":31}},"26":{"start":{"line":57,"column":8},"end":{"line":57,"column":27}},"27":{"start":{"line":58,"column":8},"end":{"line":58,"column":26}},"28":{"start":{"line":61,"column":6},"end":{"line":61,"column":24}},"29":{"start":{"line":65,"column":2},"end":{"line":90,"column":17}},"30":{"start":{"line":66,"column":15},"end":{"line":66,"column":36}},"31":{"start":{"line":68,"column":4},"end":{"line":87,"column":9}},"32":{"start":{"line":69,"column":6},"end":{"line":86,"column":7}},"33":{"start":{"line":70,"column":8},"end":{"line":70,"column":54}},"34":{"start":{"line":72,"column":32},"end":{"line":72,"column":52}},"35":{"start":{"line":73,"column":8},"end":{"line":73,"column":47}},"36":{"start":{"line":75,"column":32},"end":{"line":75,"column":53}},"37":{"start":{"line":76,"column":8},"end":{"line":76,"column":49}},"38":{"start":{"line":78,"column":28},"end":{"line":78,"column":43}},"39":{"start":{"line":79,"column":8},"end":{"line":79,"column":39}},"40":{"start":{"line":81,"column":28},"end":{"line":81,"column":44}},"41":{"start":{"line":82,"column":8},"end":{"line":82,"column":39}},"42":{"start":{"line":83,"column":8},"end":{"line":83,"column":26}},"43":{"start":{"line":85,"column":8},"end":{"line":85,"column":26}},"44":{"start":{"line":89,"column":4},"end":{"line":89,"column":28}},"45":{"start":{"line":89,"column":17},"end":{"line":89,"column":27}},"46":{"start":{"line":92,"column":18},"end":{"line":142,"column":3}},"47":{"start":{"line":97,"column":24},"end":{"line":97,"column":35}},"48":{"start":{"line":104,"column":24},"end":{"line":104,"column":65}},"49":{"start":{"line":111,"column":24},"end":{"line":111,"column":57}},"50":{"start":{"line":118,"column":24},"end":{"line":118,"column":59}},"51":{"start":{"line":125,"column":24},"end":{"line":125,"column":69}},"52":{"start":{"line":133,"column":24},"end":{"line":133,"column":65}},"53":{"start":{"line":140,"column":26},"end":{"line":140,"column":49}},"54":{"start":{"line":145,"column":2},"end":{"line":332,"column":4}},"55":{"start":{"line":201,"column":24},"end":{"line":207,"column":26}},"56":{"start":{"line":248,"column":24},"end":{"line":254,"column":26}},"57":{"start":{"line":276,"column":24},"end":{"line":282,"column":26}}},"fnMap":{"0":{"name":"(anonymous_0)","decl":{"start":{"line":15,"column":23},"end":{"line":15,"column":24}},"loc":{"start":{"line":15,"column":45},"end":{"line":333,"column":1}},"line":15},"1":{"name":"(anonymous_1)","decl":{"start":{"line":26,"column":24},"end":{"line":26,"column":25}},"loc":{"start":{"line":26,"column":36},"end":{"line":28,"column":3}},"line":26},"2":{"name":"(anonymous_2)","decl":{"start":{"line":30,"column":49},"end":{"line":30,"column":50}},"loc":{"start":{"line":30,"column":64},"end":{"line":32,"column":3}},"line":30},"3":{"name":"(anonymous_3)","decl":{"start":{"line":33,"column":34},"end":{"line":33,"column":35}},"loc":{"start":{"line":33,"column":52},"end":{"line":36,"column":3}},"line":33},"4":{"name":"(anonymous_4)","decl":{"start":{"line":40,"column":24},"end":{"line":40,"column":25}},"loc":{"start":{"line":40,"column":31},"end":{"line":40,"column":33}},"line":40},"5":{"name":"(anonymous_5)","decl":{"start":{"line":41,"column":19},"end":{"line":41,"column":20}},"loc":{"start":{"line":41,"column":31},"end":{"line":63,"column":3}},"line":41},"6":{"name":"(anonymous_6)","decl":{"start":{"line":52,"column":7},"end":{"line":52,"column":8}},"loc":{"start":{"line":52,"column":19},"end":{"line":59,"column":7}},"line":52},"7":{"name":"(anonymous_7)","decl":{"start":{"line":65,"column":12},"end":{"line":65,"column":13}},"loc":{"start":{"line":65,"column":18},"end":{"line":90,"column":3}},"line":65},"8":{"name":"(anonymous_8)","decl":{"start":{"line":68,"column":5},"end":{"line":68,"column":6}},"loc":{"start":{"line":68,"column":17},"end":{"line":87,"column":5}},"line":68},"9":{"name":"(anonymous_9)","decl":{"start":{"line":89,"column":11},"end":{"line":89,"column":12}},"loc":{"start":{"line":89,"column":17},"end":{"line":89,"column":27}},"line":89},"10":{"name":"(anonymous_10)","decl":{"start":{"line":97,"column":14},"end":{"line":97,"column":15}},"loc":{"start":{"line":97,"column":24},"end":{"line":97,"column":35}},"line":97},"11":{"name":"(anonymous_11)","decl":{"start":{"line":104,"column":14},"end":{"line":104,"column":15}},"loc":{"start":{"line":104,"column":24},"end":{"line":104,"column":65}},"line":104},"12":{"name":"(anonymous_12)","decl":{"start":{"line":111,"column":14},"end":{"line":111,"column":15}},"loc":{"start":{"line":111,"column":24},"end":{"line":111,"column":57}},"line":111},"13":{"name":"(anonymous_13)","decl":{"start":{"line":118,"column":14},"end":{"line":118,"column":15}},"loc":{"start":{"line":118,"column":24},"end":{"line":118,"column":59}},"line":118},"14":{"name":"(anonymous_14)","decl":{"start":{"line":125,"column":14},"end":{"line":125,"column":15}},"loc":{"start":{"line":125,"column":24},"end":{"line":125,"column":69}},"line":125},"15":{"name":"(anonymous_15)","decl":{"start":{"line":133,"column":14},"end":{"line":133,"column":15}},"loc":{"start":{"line":133,"column":24},"end":{"line":133,"column":65}},"line":133},"16":{"name":"(anonymous_16)","decl":{"start":{"line":140,"column":14},"end":{"line":140,"column":15}},"loc":{"start":{"line":140,"column":26},"end":{"line":140,"column":49}},"line":140},"17":{"name":"(anonymous_17)","decl":{"start":{"line":200,"column":38},"end":{"line":200,"column":39}},"loc":{"start":{"line":200,"column":46},"end":{"line":208,"column":23}},"line":200},"18":{"name":"(anonymous_18)","decl":{"start":{"line":247,"column":32},"end":{"line":247,"column":33}},"loc":{"start":{"line":247,"column":40},"end":{"line":255,"column":23}},"line":247},"19":{"name":"(anonymous_19)","decl":{"start":{"line":275,"column":36},"end":{"line":275,"column":37}},"loc":{"start":{"line":275,"column":44},"end":{"line":283,"column":23}},"line":275}},"branchMap":{"0":{"loc":{"start":{"line":19,"column":43},"end":{"line":19,"column":76}},"type":"cond-expr","locations":[{"start":{"line":19,"column":64},"end":{"line":19,"column":69}},{"start":{"line":19,"column":72},"end":{"line":19,"column":76}}],"line":19},"1":{"loc":{"start":{"line":53,"column":19},"end":{"line":53,"column":52}},"type":"cond-expr","locations":[{"start":{"line":53,"column":40},"end":{"line":53,"column":45}},{"start":{"line":53,"column":48},"end":{"line":53,"column":52}}],"line":53},"2":{"loc":{"start":{"line":70,"column":19},"end":{"line":70,"column":52}},"type":"cond-expr","locations":[{"start":{"line":70,"column":40},"end":{"line":70,"column":45}},{"start":{"line":70,"column":48},"end":{"line":70,"column":52}}],"line":70},"3":{"loc":{"start":{"line":98,"column":17},"end":{"line":98,"column":72}},"type":"cond-expr","locations":[{"start":{"line":98,"column":49},"end":{"line":98,"column":65}},{"start":{"line":98,"column":68},"end":{"line":98,"column":72}}],"line":98},"4":{"loc":{"start":{"line":105,"column":17},"end":{"line":105,"column":78}},"type":"cond-expr","locations":[{"start":{"line":105,"column":55},"end":{"line":105,"column":71}},{"start":{"line":105,"column":74},"end":{"line":105,"column":78}}],"line":105},"5":{"loc":{"start":{"line":112,"column":17},"end":{"line":112,"column":74}},"type":"cond-expr","locations":[{"start":{"line":112,"column":51},"end":{"line":112,"column":67}},{"start":{"line":112,"column":70},"end":{"line":112,"column":74}}],"line":112},"6":{"loc":{"start":{"line":119,"column":17},"end":{"line":119,"column":75}},"type":"cond-expr","locations":[{"start":{"line":119,"column":52},"end":{"line":119,"column":68}},{"start":{"line":119,"column":71},"end":{"line":119,"column":75}}],"line":119},"7":{"loc":{"start":{"line":127,"column":8},"end":{"line":127,"column":71}},"type":"cond-expr","locations":[{"start":{"line":127,"column":48},"end":{"line":127,"column":64}},{"start":{"line":127,"column":67},"end":{"line":127,"column":71}}],"line":127},"8":{"loc":{"start":{"line":134,"column":17},"end":{"line":134,"column":78}},"type":"cond-expr","locations":[{"start":{"line":134,"column":55},"end":{"line":134,"column":71}},{"start":{"line":134,"column":74},"end":{"line":134,"column":78}}],"line":134},"9":{"loc":{"start":{"line":147,"column":7},"end":{"line":330,"column":7}},"type":"cond-expr","locations":[{"start":{"line":148,"column":8},"end":{"line":148,"column":56}},{"start":{"line":150,"column":8},"end":{"line":329,"column":11}}],"line":147}},"s":{"0":1,"1":2,"2":2,"3":2,"4":2,"5":2,"6":2,"7":2,"8":2,"9":2,"10":2,"11":0,"12":2,"13":2000000,"14":2,"15":0,"16":2,"17":2,"18":2,"19":0,"20":0,"21":0,"22":0,"23":0,"24":0,"25":0,"26":0,"27":0,"28":0,"29":2,"30":2,"31":2,"32":2,"33":2,"34":2,"35":2,"36":0,"37":0,"38":0,"39":0,"40":0,"41":0,"42":0,"43":2,"44":2,"45":2,"46":2,"47":0,"48":0,"49":0,"50":0,"51":0,"52":0,"53":0,"54":2,"55":0,"56":0,"57":0},"f":{"0":2,"1":0,"2":2000000,"3":0,"4":0,"5":0,"6":0,"7":2,"8":2,"9":2,"10":0,"11":0,"12":0,"13":0,"14":0,"15":0,"16":0,"17":0,"18":0,"19":0},"b":{"0":[2,0],"1":[0,0],"2":[2,0],"3":[0,2],"4":[0,2],"5":[0,2],"6":[0,2],"7":[0,2],"8":[0,2],"9":[0,2]},"_coverageSchema":"1a1c01bbd47fc00a2c39e90264f33305004495a9","hash":"3840df1abb007ab4381e8b0310a58fa30c0cc16b"}
,"C:\\Users\\rabiussanym\\OneDrive - MetLife\\Documents\\ULM_repo_1\\13639-ULM-client\\src\\pages\\user-management\\Service\\um_service.js": {"path":"C:\\Users\\rabiussanym\\OneDrive - MetLife\\Documents\\ULM_repo_1\\13639-ULM-client\\src\\pages\\user-management\\Service\\um_service.js","statementMap":{"0":{"start":{"line":3,"column":28},"end":{"line":5,"column":1}},"1":{"start":{"line":4,"column":2},"end":{"line":4,"column":43}},"2":{"start":{"line":6,"column":23},"end":{"line":8,"column":1}},"3":{"start":{"line":7,"column":2},"end":{"line":7,"column":39}},"4":{"start":{"line":9,"column":29},"end":{"line":11,"column":1}},"5":{"start":{"line":10,"column":2},"end":{"line":10,"column":45}},"6":{"start":{"line":13,"column":26},"end":{"line":15,"column":1}},"7":{"start":{"line":14,"column":2},"end":{"line":14,"column":49}},"8":{"start":{"line":16,"column":24},"end":{"line":18,"column":1}},"9":{"start":{"line":17,"column":2},"end":{"line":17,"column":39}}},"fnMap":{"0":{"name":"(anonymous_0)","decl":{"start":{"line":3,"column":28},"end":{"line":3,"column":29}},"loc":{"start":{"line":3,"column":40},"end":{"line":5,"column":1}},"line":3},"1":{"name":"(anonymous_1)","decl":{"start":{"line":6,"column":23},"end":{"line":6,"column":24}},"loc":{"start":{"line":6,"column":35},"end":{"line":8,"column":1}},"line":6},"2":{"name":"(anonymous_2)","decl":{"start":{"line":9,"column":29},"end":{"line":9,"column":30}},"loc":{"start":{"line":9,"column":41},"end":{"line":11,"column":1}},"line":9},"3":{"name":"(anonymous_3)","decl":{"start":{"line":13,"column":26},"end":{"line":13,"column":27}},"loc":{"start":{"line":13,"column":45},"end":{"line":15,"column":1}},"line":13},"4":{"name":"(anonymous_4)","decl":{"start":{"line":16,"column":24},"end":{"line":16,"column":25}},"loc":{"start":{"line":16,"column":36},"end":{"line":18,"column":1}},"line":16}},"branchMap":{},"s":{"0":1,"1":2,"2":1,"3":0,"4":1,"5":0,"6":1,"7":0,"8":1,"9":0},"f":{"0":2,"1":0,"2":0,"3":0,"4":0},"b":{},"_coverageSchema":"1a1c01bbd47fc00a2c39e90264f33305004495a9","hash":"1b9d94de54d61a0d7ee21e5520dfc3d85f23dd3c"}
,"C:\\Users\\rabiussanym\\OneDrive - MetLife\\Documents\\ULM_repo_1\\13639-ULM-client\\src\\services\\AuthService.js": {"path":"C:\\Users\\rabiussanym\\OneDrive - MetLife\\Documents\\ULM_repo_1\\13639-ULM-client\\src\\services\\AuthService.js","statementMap":{"0":{"start":{"line":3,"column":18},"end":{"line":5,"column":1}},"1":{"start":{"line":4,"column":2},"end":{"line":4,"column":45}}},"fnMap":{"0":{"name":"(anonymous_0)","decl":{"start":{"line":3,"column":18},"end":{"line":3,"column":19}},"loc":{"start":{"line":3,"column":28},"end":{"line":5,"column":1}},"line":3}},"branchMap":{},"s":{"0":1,"1":0},"f":{"0":0},"b":{},"_coverageSchema":"1a1c01bbd47fc00a2c39e90264f33305004495a9","hash":"917b16d307988a111751fcf001ed2237a958f375"}
}
