{"C:\\Users\\rabiussanym\\OneDrive - MetLife\\Documents\\ULM_repo_1\\13639-ULM-client\\src\\components\\Loader\\Loader.jsx": {"path":"C:\\Users\\rabiussanym\\OneDrive - MetLife\\Documents\\ULM_repo_1\\13639-ULM-client\\src\\components\\Loader\\Loader.jsx","statementMap":{"0":{"start":{"line":6,"column":15},"end":{"line":32,"column":1}},"1":{"start":{"line":7,"column":2},"end":{"line":7,"column":30}},"2":{"start":{"line":7,"column":18},"end":{"line":7,"column":30}},"3":{"start":{"line":9,"column":2},"end":{"line":31,"column":4}},"4":{"start":{"line":19,"column":50},"end":{"line":19,"column":73}}},"fnMap":{"0":{"name":"(anonymous_0)","decl":{"start":{"line":6,"column":15},"end":{"line":6,"column":16}},"loc":{"start":{"line":6,"column":57},"end":{"line":32,"column":1}},"line":6},"1":{"name":"(anonymous_1)","decl":{"start":{"line":19,"column":39},"end":{"line":19,"column":40}},"loc":{"start":{"line":19,"column":50},"end":{"line":19,"column":73}},"line":19}},"branchMap":{"0":{"loc":{"start":{"line":7,"column":2},"end":{"line":7,"column":30}},"type":"if","locations":[{"start":{"line":7,"column":2},"end":{"line":7,"column":30}},{"start":{},"end":{}}],"line":7},"1":{"loc":{"start":{"line":11,"column":7},"end":{"line":29,"column":7}},"type":"cond-expr","locations":[{"start":{"line":12,"column":8},"end":{"line":16,"column":14}},{"start":{"line":18,"column":8},"end":{"line":28,"column":19}}],"line":11}},"s":{"0":3,"1":3,"2":0,"3":3,"4":0},"f":{"0":3,"1":0},"b":{"0":[0,3],"1":[3,0]},"_coverageSchema":"1a1c01bbd47fc00a2c39e90264f33305004495a9","hash":"bb043d658ec39c433e8d754583760eab14e77996"}
,"C:\\Users\\rabiussanym\\OneDrive - MetLife\\Documents\\ULM_repo_1\\13639-ULM-client\\src\\components\\auth\\RequireAuth.jsx": {"path":"C:\\Users\\rabiussanym\\OneDrive - MetLife\\Documents\\ULM_repo_1\\13639-ULM-client\\src\\components\\auth\\RequireAuth.jsx","statementMap":{"0":{"start":{"line":4,"column":16},"end":{"line":4,"column":61}},"1":{"start":{"line":6,"column":17},"end":{"line":6,"column":30}},"2":{"start":{"line":8,"column":2},"end":{"line":10,"column":3}},"3":{"start":{"line":9,"column":4},"end":{"line":9,"column":63}},"4":{"start":{"line":11,"column":2},"end":{"line":11,"column":20}}},"fnMap":{"0":{"name":"RequireAuth","decl":{"start":{"line":3,"column":9},"end":{"line":3,"column":20}},"loc":{"start":{"line":3,"column":23},"end":{"line":12,"column":1}},"line":3}},"branchMap":{"0":{"loc":{"start":{"line":8,"column":2},"end":{"line":10,"column":3}},"type":"if","locations":[{"start":{"line":8,"column":2},"end":{"line":10,"column":3}},{"start":{},"end":{}}],"line":8}},"s":{"0":0,"1":0,"2":0,"3":0,"4":0},"f":{"0":0},"b":{"0":[0,0]},"_coverageSchema":"1a1c01bbd47fc00a2c39e90264f33305004495a9","hash":"3a08ba3a156d11a56d384eaf0920b2e04c97a09d"}
,"C:\\Users\\rabiussanym\\OneDrive - MetLife\\Documents\\ULM_repo_1\\13639-ULM-client\\src\\components\\inputs\\TextInput.jsx": {"path":"C:\\Users\\rabiussanym\\OneDrive - MetLife\\Documents\\ULM_repo_1\\13639-ULM-client\\src\\components\\inputs\\TextInput.jsx","statementMap":{"0":{"start":{"line":2,"column":18},"end":{"line":19,"column":1}},"1":{"start":{"line":3,"column":2},"end":{"line":18,"column":3}}},"fnMap":{"0":{"name":"(anonymous_0)","decl":{"start":{"line":2,"column":18},"end":{"line":2,"column":19}},"loc":{"start":{"line":2,"column":55},"end":{"line":19,"column":1}},"line":2}},"branchMap":{},"s":{"0":2,"1":6},"f":{"0":6},"b":{},"_coverageSchema":"1a1c01bbd47fc00a2c39e90264f33305004495a9","hash":"184abb80a3743d8de0db4d5a928c6d47a3786249"}
,"C:\\Users\\rabiussanym\\OneDrive - MetLife\\Documents\\ULM_repo_1\\13639-ULM-client\\src\\components\\layout\\Layout.js": {"path":"C:\\Users\\rabiussanym\\OneDrive - MetLife\\Documents\\ULM_repo_1\\13639-ULM-client\\src\\components\\layout\\Layout.js","statementMap":{"0":{"start":{"line":6,"column":15},"end":{"line":21,"column":1}},"1":{"start":{"line":7,"column":2},"end":{"line":20,"column":4}}},"fnMap":{"0":{"name":"(anonymous_0)","decl":{"start":{"line":6,"column":15},"end":{"line":6,"column":16}},"loc":{"start":{"line":6,"column":42},"end":{"line":21,"column":1}},"line":6}},"branchMap":{},"s":{"0":2,"1":6},"f":{"0":6},"b":{},"_coverageSchema":"1a1c01bbd47fc00a2c39e90264f33305004495a9","hash":"6d93b0a09f15e3c77cc3b2fd39a566811b171760"}
,"C:\\Users\\rabiussanym\\OneDrive - MetLife\\Documents\\ULM_repo_1\\13639-ULM-client\\src\\components\\sidebar\\Sidebar.jsx": {"path":"C:\\Users\\rabiussanym\\OneDrive - MetLife\\Documents\\ULM_repo_1\\13639-ULM-client\\src\\components\\sidebar\\Sidebar.jsx","statementMap":{"0":{"start":{"line":7,"column":16},"end":{"line":84,"column":1}},"1":{"start":{"line":9,"column":15},"end":{"line":9,"column":55}},"2":{"start":{"line":10,"column":19},"end":{"line":10,"column":63}},"3":{"start":{"line":13,"column":24},"end":{"line":16,"column":3}},"4":{"start":{"line":14,"column":4},"end":{"line":14,"column":25}},"5":{"start":{"line":15,"column":4},"end":{"line":15,"column":29}},"6":{"start":{"line":18,"column":2},"end":{"line":83,"column":4}},"7":{"start":{"line":34,"column":18},"end":{"line":34,"column":46}},"8":{"start":{"line":44,"column":18},"end":{"line":44,"column":46}},"9":{"start":{"line":56,"column":18},"end":{"line":56,"column":46}},"10":{"start":{"line":67,"column":18},"end":{"line":67,"column":46}}},"fnMap":{"0":{"name":"(anonymous_0)","decl":{"start":{"line":7,"column":16},"end":{"line":7,"column":17}},"loc":{"start":{"line":7,"column":22},"end":{"line":84,"column":1}},"line":7},"1":{"name":"(anonymous_1)","decl":{"start":{"line":13,"column":24},"end":{"line":13,"column":25}},"loc":{"start":{"line":13,"column":31},"end":{"line":16,"column":3}},"line":13},"2":{"name":"(anonymous_2)","decl":{"start":{"line":33,"column":27},"end":{"line":33,"column":28}},"loc":{"start":{"line":34,"column":18},"end":{"line":34,"column":46}},"line":34},"3":{"name":"(anonymous_3)","decl":{"start":{"line":43,"column":27},"end":{"line":43,"column":28}},"loc":{"start":{"line":44,"column":18},"end":{"line":44,"column":46}},"line":44},"4":{"name":"(anonymous_4)","decl":{"start":{"line":55,"column":27},"end":{"line":55,"column":28}},"loc":{"start":{"line":56,"column":18},"end":{"line":56,"column":46}},"line":56},"5":{"name":"(anonymous_5)","decl":{"start":{"line":66,"column":27},"end":{"line":66,"column":28}},"loc":{"start":{"line":67,"column":18},"end":{"line":67,"column":46}},"line":67}},"branchMap":{"0":{"loc":{"start":{"line":24,"column":13},"end":{"line":24,"column":52}},"type":"cond-expr","locations":[{"start":{"line":24,"column":29},"end":{"line":24,"column":40}},{"start":{"line":24,"column":43},"end":{"line":24,"column":52}}],"line":24},"1":{"loc":{"start":{"line":34,"column":18},"end":{"line":34,"column":46}},"type":"cond-expr","locations":[{"start":{"line":34,"column":29},"end":{"line":34,"column":41}},{"start":{"line":34,"column":44},"end":{"line":34,"column":46}}],"line":34},"2":{"loc":{"start":{"line":44,"column":18},"end":{"line":44,"column":46}},"type":"cond-expr","locations":[{"start":{"line":44,"column":29},"end":{"line":44,"column":41}},{"start":{"line":44,"column":44},"end":{"line":44,"column":46}}],"line":44},"3":{"loc":{"start":{"line":56,"column":18},"end":{"line":56,"column":46}},"type":"cond-expr","locations":[{"start":{"line":56,"column":29},"end":{"line":56,"column":41}},{"start":{"line":56,"column":44},"end":{"line":56,"column":46}}],"line":56},"4":{"loc":{"start":{"line":67,"column":18},"end":{"line":67,"column":46}},"type":"cond-expr","locations":[{"start":{"line":67,"column":29},"end":{"line":67,"column":41}},{"start":{"line":67,"column":44},"end":{"line":67,"column":46}}],"line":67}},"s":{"0":2,"1":6,"2":6,"3":6,"4":0,"5":0,"6":6,"7":6,"8":6,"9":6,"10":6},"f":{"0":6,"1":0,"2":6,"3":6,"4":6,"5":6},"b":{"0":[6,0],"1":[6,0],"2":[0,6],"3":[0,6],"4":[0,6]},"_coverageSchema":"1a1c01bbd47fc00a2c39e90264f33305004495a9","hash":"65823263c821c8881eb9e649bc0d00468f72050e"}
}
