TN:
SF:src\components\Loader\Loader.jsx
FN:6,(anonymous_0)
FN:19,(anonymous_1)
FNF:2
FNH:1
FNDA:3,(anonymous_0)
FNDA:0,(anonymous_1)
DA:6,3
DA:7,3
DA:9,3
DA:19,0
LF:4
LH:3
BRDA:7,0,0,0
BRDA:7,0,1,3
BRDA:11,1,0,3
BRDA:11,1,1,0
BRF:4
BRH:2
end_of_record
TN:
SF:src\components\auth\RequireAuth.jsx
FN:3,RequireAuth
FNF:1
FNH:0
FNDA:0,RequireAuth
DA:4,0
DA:6,0
DA:8,0
DA:9,0
DA:11,0
LF:5
LH:0
BRDA:8,0,0,0
BRDA:8,0,1,0
BRF:2
BRH:0
end_of_record
TN:
SF:src\components\inputs\TextInput.jsx
FN:2,(anonymous_0)
FNF:1
FNH:1
FNDA:6,(anonymous_0)
DA:2,2
DA:3,6
LF:2
LH:2
BRF:0
BRH:0
end_of_record
TN:
SF:src\components\layout\Layout.js
FN:6,(anonymous_0)
FNF:1
FNH:1
FNDA:6,(anonymous_0)
DA:6,2
DA:7,6
LF:2
LH:2
BRF:0
BRH:0
end_of_record
TN:
SF:src\components\sidebar\Sidebar.jsx
FN:7,(anonymous_0)
FN:13,(anonymous_1)
FN:33,(anonymous_2)
FN:43,(anonymous_3)
FN:55,(anonymous_4)
FN:66,(anonymous_5)
FNF:6
FNH:5
FNDA:6,(anonymous_0)
FNDA:0,(anonymous_1)
FNDA:6,(anonymous_2)
FNDA:6,(anonymous_3)
FNDA:6,(anonymous_4)
FNDA:6,(anonymous_5)
DA:7,2
DA:9,6
DA:10,6
DA:13,6
DA:14,0
DA:15,0
DA:18,6
DA:34,6
DA:44,6
DA:56,6
DA:67,6
LF:11
LH:9
BRDA:24,0,0,6
BRDA:24,0,1,0
BRDA:34,1,0,6
BRDA:34,1,1,0
BRDA:44,2,0,0
BRDA:44,2,1,6
BRDA:56,3,0,0
BRDA:56,3,1,6
BRDA:67,4,0,0
BRDA:67,4,1,6
BRF:10
BRH:5
end_of_record
