TN:
SF:src\App.jsx
FN:9,(anonymous_0)
FNF:1
FNH:1
FNDA:3,(anonymous_0)
DA:9,1
DA:10,3
LF:2
LH:2
BRF:0
BRH:0
end_of_record
TN:
SF:src\components\Loader\Loader.js
FN:6,(anonymous_0)
FN:19,(anonymous_1)
FNF:2
FNH:1
FNDA:2,(anonymous_0)
FNDA:0,(anonymous_1)
DA:6,2
DA:7,2
DA:9,2
DA:19,0
LF:4
LH:3
BRDA:7,0,0,0
BRDA:7,0,1,2
BRDA:11,1,0,2
BRDA:11,1,1,0
BRF:4
BRH:2
end_of_record
TN:
SF:src\components\auth\RequireAuth.jsx
FN:3,RequireAuth
FNF:1
FNH:0
FNDA:0,RequireAuth
DA:4,0
DA:6,0
DA:8,0
DA:9,0
DA:11,0
LF:5
LH:0
BRDA:8,0,0,0
BRDA:8,0,1,0
BRF:2
BRH:0
end_of_record
TN:
SF:src\components\inputs\TextInput.jsx
FN:2,(anonymous_0)
FNF:1
FNH:1
FNDA:10,(anonymous_0)
DA:2,2
DA:3,10
LF:2
LH:2
BRF:0
BRH:0
end_of_record
TN:
SF:src\components\layout\Layout.js
FN:6,(anonymous_0)
FNF:1
FNH:1
FNDA:1,(anonymous_0)
DA:6,2
DA:7,1
LF:2
LH:2
BRF:0
BRH:0
end_of_record
TN:
SF:src\components\sidebar\Sidebar.jsx
FN:7,(anonymous_0)
FN:13,(anonymous_1)
FN:33,(anonymous_2)
FN:43,(anonymous_3)
FN:55,(anonymous_4)
FN:66,(anonymous_5)
FNF:6
FNH:5
FNDA:2,(anonymous_0)
FNDA:0,(anonymous_1)
FNDA:2,(anonymous_2)
FNDA:2,(anonymous_3)
FNDA:2,(anonymous_4)
FNDA:2,(anonymous_5)
DA:7,3
DA:9,2
DA:10,2
DA:13,2
DA:14,0
DA:15,0
DA:18,2
DA:34,2
DA:44,2
DA:56,2
DA:67,2
LF:11
LH:9
BRDA:24,0,0,2
BRDA:24,0,1,0
BRDA:34,1,0,2
BRDA:34,1,1,0
BRDA:44,2,0,0
BRDA:44,2,1,2
BRDA:56,3,0,0
BRDA:56,3,1,2
BRDA:67,4,0,0
BRDA:67,4,1,2
BRF:10
BRH:5
end_of_record
TN:
SF:src\global_state\action.js
FN:4,(anonymous_0)
FN:9,(anonymous_1)
FN:29,(anonymous_2)
FN:49,(anonymous_3)
FN:64,(anonymous_4)
FN:81,(anonymous_5)
FN:99,oo_cm
FN:99,oo_oo
FN:99,oo_tr
FN:99,oo_ts
FN:99,oo_te
FN:99,oo_al
FN:99,oo_alm
FN:99,oo_ats
FN:99,oo_ate
FN:99,oo_atr
FN:99,oo_atrm
FN:99,oo_cv
FNF:18
FNH:0
FNDA:0,(anonymous_0)
FNDA:0,(anonymous_1)
FNDA:0,(anonymous_2)
FNDA:0,(anonymous_3)
FNDA:0,(anonymous_4)
FNDA:0,(anonymous_5)
FNDA:0,oo_cm
FNDA:0,oo_oo
FNDA:0,oo_tr
FNDA:0,oo_ts
FNDA:0,oo_te
FNDA:0,oo_al
FNDA:0,oo_alm
FNDA:0,oo_ats
FNDA:0,oo_ate
FNDA:0,oo_atr
FNDA:0,oo_atrm
FNDA:0,oo_cv
DA:4,1
DA:5,0
DA:6,0
DA:9,1
DA:10,0
DA:12,0
DA:15,0
DA:18,0
DA:21,0
DA:29,1
DA:31,0
DA:34,0
DA:37,0
DA:41,0
DA:49,1
DA:50,0
DA:52,0
DA:55,0
DA:58,0
DA:64,1
DA:67,0
DA:69,0
DA:70,0
DA:71,0
DA:72,0
DA:73,0
DA:74,0
DA:75,0
DA:76,0
DA:81,1
DA:83,0
DA:84,0
DA:85,0
DA:86,0
DA:90,0
DA:91,0
DA:99,0
LF:37
LH:6
BRDA:10,0,0,0
BRDA:10,0,1,0
BRDA:10,0,2,0
BRDA:10,0,3,0
BRDA:31,1,0,0
BRDA:31,1,1,0
BRDA:31,1,2,0
BRDA:50,2,0,0
BRDA:50,2,1,0
BRDA:50,2,2,0
BRDA:99,3,0,0
BRDA:99,3,1,0
BRF:12
BRH:0
end_of_record
TN:
SF:src\pages\Report\Report.jsx
FN:12,(anonymous_0)
FN:22,(anonymous_1)
FN:25,(anonymous_2)
FN:28,(anonymous_3)
FN:32,(anonymous_4)
FN:75,(anonymous_5)
FN:78,(anonymous_6)
FN:93,(anonymous_7)
FN:129,(anonymous_8)
FN:150,(anonymous_9)
FN:161,(anonymous_10)
FN:201,(anonymous_11)
FNF:12
FNH:0
FNDA:0,(anonymous_0)
FNDA:0,(anonymous_1)
FNDA:0,(anonymous_2)
FNDA:0,(anonymous_3)
FNDA:0,(anonymous_4)
FNDA:0,(anonymous_5)
FNDA:0,(anonymous_6)
FNDA:0,(anonymous_7)
FNDA:0,(anonymous_8)
FNDA:0,(anonymous_9)
FNDA:0,(anonymous_10)
FNDA:0,(anonymous_11)
DA:10,1
DA:12,1
DA:13,0
DA:14,0
DA:15,0
DA:16,0
DA:17,0
DA:18,0
DA:19,0
DA:20,0
DA:21,0
DA:22,0
DA:23,0
DA:25,0
DA:26,0
DA:28,0
DA:29,0
DA:32,0
DA:33,0
DA:37,0
DA:43,0
DA:47,0
DA:55,0
DA:56,0
DA:57,0
DA:58,0
DA:59,0
DA:61,0
DA:66,0
DA:67,0
DA:68,0
DA:70,0
DA:75,0
DA:76,0
DA:78,0
DA:79,0
DA:80,0
DA:82,0
DA:83,0
DA:85,0
DA:87,0
DA:88,0
DA:93,0
DA:96,0
DA:130,0
DA:150,0
DA:162,0
DA:202,0
LF:48
LH:2
BRDA:33,0,0,0
BRDA:33,0,1,0
BRDA:34,1,0,0
BRDA:34,1,1,0
BRDA:43,2,0,0
BRDA:43,2,1,0
BRDA:43,3,0,0
BRDA:43,3,1,0
BRDA:50,4,0,0
BRDA:50,4,1,0
BRDA:51,5,0,0
BRDA:51,5,1,0
BRDA:57,6,0,0
BRDA:57,6,1,0
BRDA:57,7,0,0
BRDA:57,7,1,0
BRDA:88,8,0,0
BRDA:88,8,1,0
BRDA:98,9,0,0
BRDA:98,9,1,0
BRDA:215,10,0,0
BRDA:215,10,1,0
BRDA:215,11,0,0
BRDA:215,11,1,0
BRF:24
BRH:0
end_of_record
TN:
SF:src\pages\Report\Service\Report_Service.js
FN:3,(anonymous_0)
FN:7,(anonymous_1)
FN:12,(anonymous_2)
FNF:3
FNH:0
FNDA:0,(anonymous_0)
FNDA:0,(anonymous_1)
FNDA:0,(anonymous_2)
DA:3,1
DA:5,0
DA:7,1
DA:9,0
DA:12,1
DA:14,0
LF:6
LH:3
BRF:0
BRH:0
end_of_record
TN:
SF:src\pages\home\HomePage.jsx
FN:25,(anonymous_0)
FN:36,(anonymous_1)
FN:42,(anonymous_2)
FN:48,(anonymous_3)
FN:52,(anonymous_4)
FN:71,(anonymous_5)
FN:88,(anonymous_6)
FN:120,(anonymous_7)
FNF:8
FNH:0
FNDA:0,(anonymous_0)
FNDA:0,(anonymous_1)
FNDA:0,(anonymous_2)
FNDA:0,(anonymous_3)
FNDA:0,(anonymous_4)
FNDA:0,(anonymous_5)
FNDA:0,(anonymous_6)
FNDA:0,(anonymous_7)
DA:22,1
DA:23,1
DA:25,1
DA:26,0
DA:27,0
DA:28,0
DA:29,0
DA:30,0
DA:31,0
DA:36,0
DA:37,0
DA:38,0
DA:42,0
DA:43,0
DA:48,0
DA:49,0
DA:51,0
DA:52,0
DA:53,0
DA:54,0
DA:56,0
DA:57,0
DA:61,0
DA:62,0
DA:64,0
DA:67,0
DA:68,0
DA:71,0
DA:74,0
DA:88,0
DA:121,0
DA:122,0
LF:32
LH:3
BRDA:53,0,0,0
BRDA:53,0,1,0
BRDA:53,1,0,0
BRDA:53,1,1,0
BRDA:68,2,0,0
BRDA:68,2,1,0
BRDA:77,3,0,0
BRDA:77,3,1,0
BRF:8
BRH:0
end_of_record
TN:
SF:src\pages\home\Service\homepage_action.js
FN:10,(anonymous_0)
FN:16,(anonymous_1)
FNF:2
FNH:0
FNDA:0,(anonymous_0)
FNDA:0,(anonymous_1)
DA:10,1
DA:12,0
DA:16,1
DA:18,0
LF:4
LH:2
BRF:0
BRH:0
end_of_record
TN:
SF:src\pages\leads\AddLead.jsx
FN:22,(anonymous_0)
FN:35,(anonymous_1)
FN:57,(anonymous_2)
FN:60,(anonymous_3)
FN:63,(anonymous_4)
FN:67,(anonymous_5)
FN:71,(anonymous_6)
FN:75,(anonymous_7)
FN:80,(anonymous_8)
FN:85,(anonymous_9)
FN:115,(anonymous_10)
FN:138,(anonymous_11)
FN:141,(anonymous_12)
FN:154,(anonymous_13)
FN:276,(anonymous_14)
FN:294,(anonymous_15)
FN:371,(anonymous_16)
FN:380,(anonymous_17)
FNF:18
FNH:0
FNDA:0,(anonymous_0)
FNDA:0,(anonymous_1)
FNDA:0,(anonymous_2)
FNDA:0,(anonymous_3)
FNDA:0,(anonymous_4)
FNDA:0,(anonymous_5)
FNDA:0,(anonymous_6)
FNDA:0,(anonymous_7)
FNDA:0,(anonymous_8)
FNDA:0,(anonymous_9)
FNDA:0,(anonymous_10)
FNDA:0,(anonymous_11)
FNDA:0,(anonymous_12)
FNDA:0,(anonymous_13)
FNDA:0,(anonymous_14)
FNDA:0,(anonymous_15)
FNDA:0,(anonymous_16)
FNDA:0,(anonymous_17)
DA:22,1
DA:31,0
DA:32,0
DA:33,0
DA:34,0
DA:35,0
DA:36,0
DA:38,0
DA:39,0
DA:42,0
DA:45,0
DA:46,0
DA:47,0
DA:48,0
DA:49,0
DA:50,0
DA:51,0
DA:52,0
DA:53,0
DA:54,0
DA:55,0
DA:57,0
DA:58,0
DA:60,0
DA:61,0
DA:63,0
DA:64,0
DA:67,0
DA:68,0
DA:71,0
DA:72,0
DA:75,0
DA:76,0
DA:80,0
DA:81,0
DA:85,0
DA:86,0
DA:87,0
DA:88,0
DA:89,0
DA:90,0
DA:92,0
DA:95,0
DA:101,0
DA:115,0
DA:116,0
DA:117,0
DA:118,0
DA:119,0
DA:120,0
DA:121,0
DA:122,0
DA:123,0
DA:124,0
DA:125,0
DA:127,0
DA:129,0
DA:130,0
DA:138,0
DA:139,0
DA:141,0
DA:142,0
DA:143,0
DA:145,0
DA:146,0
DA:148,0
DA:150,0
DA:154,0
DA:157,0
DA:277,0
DA:294,0
DA:371,0
DA:380,0
LF:73
LH:1
BRDA:53,0,0,0
BRDA:53,0,1,0
BRDA:87,1,0,0
BRDA:87,1,1,0
BRDA:102,2,0,0
BRDA:102,2,1,0
BRDA:103,3,0,0
BRDA:103,3,1,0
BRDA:107,4,0,0
BRDA:107,4,1,0
BRDA:108,5,0,0
BRDA:108,5,1,0
BRDA:109,6,0,0
BRDA:109,6,1,0
BRDA:111,7,0,0
BRDA:111,7,1,0
BRDA:116,8,0,0
BRDA:116,8,1,0
BRDA:116,9,0,0
BRDA:116,9,1,0
BRDA:116,9,2,0
BRDA:124,10,0,0
BRDA:124,10,1,0
BRDA:130,11,0,0
BRDA:130,11,1,0
BRDA:302,12,0,0
BRDA:302,12,1,0
BRDA:326,13,0,0
BRDA:326,13,1,0
BRDA:338,14,0,0
BRDA:338,14,1,0
BRDA:338,15,0,0
BRDA:338,15,1,0
BRDA:346,16,0,0
BRDA:346,16,1,0
BRDA:346,17,0,0
BRDA:346,17,1,0
BRDA:346,17,2,0
BRDA:349,18,0,0
BRDA:349,18,1,0
BRDA:349,19,0,0
BRDA:349,19,1,0
BRF:42
BRH:0
end_of_record
TN:
SF:src\pages\leads\LeadUpdateModal.js
FN:13,(anonymous_0)
FN:24,(anonymous_1)
FN:67,(anonymous_2)
FN:86,(anonymous_3)
FN:120,(anonymous_4)
FN:123,(anonymous_5)
FN:154,(anonymous_6)
FN:187,(anonymous_7)
FN:218,(anonymous_8)
FN:235,(anonymous_9)
FN:273,(anonymous_10)
FN:337,oo_cm
FN:337,oo_oo
FN:337,oo_tr
FN:337,oo_ts
FN:337,oo_te
FNF:16
FNH:0
FNDA:0,(anonymous_0)
FNDA:0,(anonymous_1)
FNDA:0,(anonymous_2)
FNDA:0,(anonymous_3)
FNDA:0,(anonymous_4)
FNDA:0,(anonymous_5)
FNDA:0,(anonymous_6)
FNDA:0,(anonymous_7)
FNDA:0,(anonymous_8)
FNDA:0,(anonymous_9)
FNDA:0,(anonymous_10)
FNDA:0,oo_cm
FNDA:0,oo_oo
FNDA:0,oo_tr
FNDA:0,oo_ts
FNDA:0,oo_te
DA:13,1
DA:22,0
DA:23,0
DA:24,0
DA:25,0
DA:26,0
DA:29,0
DA:30,0
DA:31,0
DA:32,0
DA:33,0
DA:34,0
DA:35,0
DA:49,0
DA:56,0
DA:60,0
DA:67,0
DA:68,0
DA:72,0
DA:86,0
DA:87,0
DA:92,0
DA:93,0
DA:95,0
DA:96,0
DA:97,0
DA:100,0
DA:101,0
DA:102,0
DA:104,0
DA:105,0
DA:109,0
DA:120,0
DA:121,0
DA:123,0
DA:124,0
DA:125,0
DA:126,0
DA:127,0
DA:129,0
DA:130,0
DA:131,0
DA:145,0
DA:147,0
DA:150,0
DA:154,0
DA:157,0
DA:188,0
DA:219,0
DA:236,0
DA:273,0
DA:337,0
LF:52
LH:1
BRDA:56,0,0,0
BRDA:56,0,1,0
BRDA:56,1,0,0
BRDA:56,1,1,0
BRDA:60,2,0,0
BRDA:60,2,1,0
BRDA:60,3,0,0
BRDA:60,3,1,0
BRDA:87,4,0,0
BRDA:87,4,1,0
BRDA:88,5,0,0
BRDA:88,5,1,0
BRDA:88,5,2,0
BRDA:96,6,0,0
BRDA:96,6,1,0
BRDA:105,7,0,0
BRDA:105,7,1,0
BRDA:109,8,0,0
BRDA:109,8,1,0
BRDA:129,9,0,0
BRDA:129,9,1,0
BRDA:167,10,0,0
BRDA:167,10,1,0
BRDA:206,11,0,0
BRDA:206,11,1,0
BRDA:206,12,0,0
BRDA:206,12,1,0
BRDA:206,12,2,0
BRDA:206,12,3,0
BRDA:263,13,0,0
BRDA:263,13,1,0
BRDA:337,14,0,0
BRDA:337,14,1,0
BRF:33
BRH:0
end_of_record
TN:
SF:src\pages\leads\LeadsPage.jsx
FN:16,(anonymous_0)
FN:34,(anonymous_1)
FN:39,(anonymous_2)
FN:42,(anonymous_3)
FN:50,(anonymous_4)
FN:56,(anonymous_5)
FN:65,(anonymous_6)
FN:70,(anonymous_7)
FN:76,(anonymous_8)
FN:83,(anonymous_9)
FN:89,(anonymous_10)
FN:108,(anonymous_11)
FN:112,(anonymous_12)
FN:134,(anonymous_13)
FN:142,(anonymous_14)
FN:151,(anonymous_15)
FN:161,(anonymous_16)
FN:171,(anonymous_17)
FN:180,(anonymous_18)
FN:196,(anonymous_19)
FN:211,(anonymous_20)
FN:217,(anonymous_21)
FN:252,(anonymous_22)
FN:255,(anonymous_23)
FN:331,(anonymous_24)
FN:356,(anonymous_25)
FN:373,oo_cm
FN:373,oo_oo
FN:373,oo_tr
FN:373,oo_ts
FN:373,oo_te
FN:373,oo_al
FN:373,oo_alm
FN:373,oo_ats
FN:373,oo_ate
FN:373,oo_atr
FN:373,oo_atrm
FN:373,oo_cv
FNF:38
FNH:0
FNDA:0,(anonymous_0)
FNDA:0,(anonymous_1)
FNDA:0,(anonymous_2)
FNDA:0,(anonymous_3)
FNDA:0,(anonymous_4)
FNDA:0,(anonymous_5)
FNDA:0,(anonymous_6)
FNDA:0,(anonymous_7)
FNDA:0,(anonymous_8)
FNDA:0,(anonymous_9)
FNDA:0,(anonymous_10)
FNDA:0,(anonymous_11)
FNDA:0,(anonymous_12)
FNDA:0,(anonymous_13)
FNDA:0,(anonymous_14)
FNDA:0,(anonymous_15)
FNDA:0,(anonymous_16)
FNDA:0,(anonymous_17)
FNDA:0,(anonymous_18)
FNDA:0,(anonymous_19)
FNDA:0,(anonymous_20)
FNDA:0,(anonymous_21)
FNDA:0,(anonymous_22)
FNDA:0,(anonymous_23)
FNDA:0,(anonymous_24)
FNDA:0,(anonymous_25)
FNDA:0,oo_cm
FNDA:0,oo_oo
FNDA:0,oo_tr
FNDA:0,oo_ts
FNDA:0,oo_te
FNDA:0,oo_al
FNDA:0,oo_alm
FNDA:0,oo_ats
FNDA:0,oo_ate
FNDA:0,oo_atr
FNDA:0,oo_atrm
FNDA:0,oo_cv
DA:16,1
DA:17,0
DA:18,0
DA:20,0
DA:23,0
DA:24,0
DA:25,0
DA:26,0
DA:27,0
DA:29,0
DA:34,0
DA:35,0
DA:36,0
DA:39,0
DA:40,0
DA:42,0
DA:43,0
DA:49,0
DA:50,0
DA:51,0
DA:55,0
DA:56,0
DA:57,0
DA:62,0
DA:63,0
DA:65,0
DA:66,0
DA:67,0
DA:70,0
DA:71,0
DA:76,0
DA:77,0
DA:78,0
DA:79,0
DA:83,0
DA:84,0
DA:89,0
DA:90,0
DA:91,0
DA:94,0
DA:97,0
DA:98,0
DA:99,0
DA:100,0
DA:102,0
DA:104,0
DA:108,0
DA:109,0
DA:110,0
DA:112,0
DA:129,0
DA:134,0
DA:142,0
DA:151,0
DA:161,0
DA:171,0
DA:180,0
DA:196,0
DA:211,0
DA:218,0
DA:253,0
DA:255,0
DA:266,0
DA:331,0
DA:356,0
DA:373,0
LF:66
LH:1
BRDA:94,0,0,0
BRDA:94,0,1,0
BRDA:135,1,0,0
BRDA:135,1,1,0
BRDA:143,2,0,0
BRDA:143,2,1,0
BRDA:152,3,0,0
BRDA:152,3,1,0
BRDA:162,4,0,0
BRDA:162,4,1,0
BRDA:172,5,0,0
BRDA:172,5,1,0
BRDA:182,6,0,0
BRDA:182,6,1,0
BRDA:198,7,0,0
BRDA:198,7,1,0
BRDA:213,8,0,0
BRDA:213,8,1,0
BRDA:218,9,0,0
BRDA:218,9,1,0
BRDA:218,10,0,0
BRDA:218,10,1,0
BRDA:253,11,0,0
BRDA:253,11,1,0
BRDA:328,12,0,0
BRDA:328,12,1,0
BRDA:338,13,0,0
BRDA:338,13,1,0
BRDA:351,14,0,0
BRDA:351,14,1,0
BRDA:373,15,0,0
BRDA:373,15,1,0
BRF:32
BRH:0
end_of_record
TN:
SF:src\pages\leads\CustomModal\UploadModal.jsx
FN:9,(anonymous_0)
FN:31,(anonymous_1)
FN:37,(anonymous_2)
FN:104,(anonymous_3)
FNF:4
FNH:0
FNDA:0,(anonymous_0)
FNDA:0,(anonymous_1)
FNDA:0,(anonymous_2)
FNDA:0,(anonymous_3)
DA:9,1
DA:17,0
DA:18,0
DA:19,0
DA:23,0
DA:31,0
DA:32,0
DA:33,0
DA:37,0
DA:38,0
DA:40,0
DA:42,0
DA:43,0
DA:44,0
DA:45,0
DA:46,0
DA:51,0
DA:52,0
DA:54,0
DA:57,0
DA:58,0
DA:59,0
DA:61,0
DA:63,0
DA:65,0
DA:66,0
DA:70,0
DA:104,0
LF:28
LH:1
BRDA:43,0,0,0
BRDA:43,0,1,0
BRDA:51,1,0,0
BRDA:51,1,1,0
BRDA:54,2,0,0
BRDA:54,2,1,0
BRDA:66,3,0,0
BRDA:66,3,1,0
BRDA:72,4,0,0
BRDA:72,4,1,0
BRF:10
BRH:0
end_of_record
TN:
SF:src\pages\leads\Service\lead_service.js
FN:3,(anonymous_0)
FN:6,(anonymous_1)
FN:10,(anonymous_2)
FN:14,(anonymous_3)
FN:20,(anonymous_4)
FN:30,(anonymous_5)
FN:34,(anonymous_6)
FN:38,(anonymous_7)
FNF:8
FNH:0
FNDA:0,(anonymous_0)
FNDA:0,(anonymous_1)
FNDA:0,(anonymous_2)
FNDA:0,(anonymous_3)
FNDA:0,(anonymous_4)
FNDA:0,(anonymous_5)
FNDA:0,(anonymous_6)
FNDA:0,(anonymous_7)
DA:3,1
DA:4,0
DA:6,1
DA:7,0
DA:10,1
DA:11,0
DA:14,1
DA:15,0
DA:20,1
DA:25,0
DA:30,1
DA:31,0
DA:34,1
DA:35,0
DA:38,1
DA:39,0
LF:16
LH:8
BRF:0
BRH:0
end_of_record
TN:
SF:src\pages\login\LoginPage.jsx
FN:15,(anonymous_0)
FN:63,(anonymous_1)
FN:137,oo_cm
FN:137,oo_oo
FN:137,oo_tr
FN:137,oo_ts
FN:137,oo_te
FNF:7
FNH:2
FNDA:8,(anonymous_0)
FNDA:2,(anonymous_1)
FNDA:0,oo_cm
FNDA:0,oo_oo
FNDA:0,oo_tr
FNDA:0,oo_ts
FNDA:0,oo_te
DA:15,2
DA:16,8
DA:17,7
DA:21,7
DA:28,7
DA:30,7
DA:31,0
DA:36,7
DA:44,7
DA:64,2
DA:65,2
DA:66,2
DA:68,0
DA:70,0
DA:71,0
DA:73,0
DA:74,0
DA:75,0
DA:76,0
DA:77,0
DA:78,0
DA:79,0
DA:80,0
DA:81,0
DA:84,2
DA:85,0
DA:86,0
DA:137,0
LF:28
LH:12
BRDA:30,0,0,0
BRDA:30,0,1,7
BRDA:45,1,0,2
BRDA:45,1,1,5
BRDA:68,2,0,0
BRDA:68,2,1,0
BRDA:104,3,0,5
BRDA:104,3,1,0
BRDA:137,4,0,0
BRDA:137,4,1,0
BRF:10
BRH:4
end_of_record
TN:
SF:src\pages\user-management\UserManagement.jsx
FN:17,(anonymous_0)
FN:32,(anonymous_1)
FN:35,(anonymous_2)
FN:45,(anonymous_3)
FN:65,(anonymous_4)
FN:71,(anonymous_5)
FN:74,(anonymous_6)
FN:97,(anonymous_7)
FN:103,(anonymous_8)
FN:112,(anonymous_9)
FN:113,(anonymous_10)
FN:123,(anonymous_11)
FN:131,(anonymous_12)
FN:139,(anonymous_13)
FN:147,(anonymous_14)
FN:156,(anonymous_15)
FN:164,(anonymous_16)
FN:212,(anonymous_17)
FN:250,(anonymous_18)
FN:273,(anonymous_19)
FN:340,oo_cm
FN:340,oo_oo
FN:340,oo_tr
FN:340,oo_ts
FN:340,oo_te
FNF:25
FNH:0
FNDA:0,(anonymous_0)
FNDA:0,(anonymous_1)
FNDA:0,(anonymous_2)
FNDA:0,(anonymous_3)
FNDA:0,(anonymous_4)
FNDA:0,(anonymous_5)
FNDA:0,(anonymous_6)
FNDA:0,(anonymous_7)
FNDA:0,(anonymous_8)
FNDA:0,(anonymous_9)
FNDA:0,(anonymous_10)
FNDA:0,(anonymous_11)
FNDA:0,(anonymous_12)
FNDA:0,(anonymous_13)
FNDA:0,(anonymous_14)
FNDA:0,(anonymous_15)
FNDA:0,(anonymous_16)
FNDA:0,(anonymous_17)
FNDA:0,(anonymous_18)
FNDA:0,(anonymous_19)
FNDA:0,oo_cm
FNDA:0,oo_oo
FNDA:0,oo_tr
FNDA:0,oo_ts
FNDA:0,oo_te
DA:15,1
DA:16,1
DA:17,1
DA:18,0
DA:19,0
DA:20,0
DA:23,0
DA:26,0
DA:27,0
DA:28,0
DA:29,0
DA:32,0
DA:33,0
DA:35,0
DA:36,0
DA:44,0
DA:45,0
DA:46,0
DA:48,0
DA:49,0
DA:50,0
DA:51,0
DA:52,0
DA:55,0
DA:56,0
DA:62,0
DA:63,0
DA:65,0
DA:66,0
DA:67,0
DA:71,0
DA:72,0
DA:74,0
DA:75,0
DA:76,0
DA:78,0
DA:79,0
DA:81,0
DA:82,0
DA:84,0
DA:85,0
DA:87,0
DA:89,0
DA:90,0
DA:92,0
DA:93,0
DA:97,0
DA:101,0
DA:103,0
DA:104,0
DA:107,0
DA:112,0
DA:114,0
DA:115,0
DA:123,0
DA:131,0
DA:139,0
DA:147,0
DA:156,0
DA:164,0
DA:168,0
DA:213,0
DA:251,0
DA:274,0
DA:340,0
LF:65
LH:3
BRDA:124,0,0,0
BRDA:124,0,1,0
BRDA:132,1,0,0
BRDA:132,1,1,0
BRDA:140,2,0,0
BRDA:140,2,1,0
BRDA:149,3,0,0
BRDA:149,3,1,0
BRDA:157,4,0,0
BRDA:157,4,1,0
BRDA:170,5,0,0
BRDA:170,5,1,0
BRDA:340,6,0,0
BRDA:340,6,1,0
BRF:14
BRH:0
end_of_record
TN:
SF:src\pages\user-management\Service\um_service.js
FN:3,(anonymous_0)
FN:7,(anonymous_1)
FN:11,(anonymous_2)
FN:16,(anonymous_3)
FN:20,(anonymous_4)
FNF:5
FNH:0
FNDA:0,(anonymous_0)
FNDA:0,(anonymous_1)
FNDA:0,(anonymous_2)
FNDA:0,(anonymous_3)
FNDA:0,(anonymous_4)
DA:3,1
DA:5,0
DA:7,1
DA:9,0
DA:11,1
DA:13,0
DA:16,1
DA:18,0
DA:20,1
DA:22,0
LF:10
LH:5
BRF:0
BRH:0
end_of_record
TN:
SF:src\services\AuthService.js
FN:3,(anonymous_0)
FNF:1
FNH:1
FNDA:2,(anonymous_0)
DA:3,2
DA:4,2
LF:2
LH:2
BRF:0
BRH:0
end_of_record
