TN:
SF:src\App.jsx
FN:4,(anonymous_0)
FNF:1
FNH:1
FNDA:1,(anonymous_0)
DA:4,1
DA:5,1
LF:2
LH:2
BRF:0
BRH:0
end_of_record
TN:
SF:src\Validation\Validation.js
FN:1,(anonymous_0)
FN:10,(anonymous_1)
FNF:2
FNH:0
FNDA:0,(anonymous_0)
FNDA:0,(anonymous_1)
DA:1,1
DA:2,0
DA:3,0
DA:6,0
DA:10,1
DA:11,0
DA:12,0
DA:13,0
DA:14,0
DA:15,0
DA:18,0
LF:11
LH:2
BRDA:2,0,0,0
BRDA:2,0,1,0
BRDA:2,1,0,0
BRDA:2,1,1,0
BRDA:12,2,0,0
BRDA:12,2,1,0
BRDA:12,3,0,0
BRDA:12,3,1,0
BRDA:14,4,0,0
BRDA:14,4,1,0
BRF:10
BRH:0
end_of_record
TN:
SF:src\components\inputs\TextInput.jsx
FN:2,(anonymous_0)
FNF:1
FNH:1
FNDA:2,(anonymous_0)
DA:2,2
DA:3,2
LF:2
LH:2
BRF:0
BRH:0
end_of_record
TN:
SF:src\components\layout\Layout.jsx
FN:5,(anonymous_0)
FNF:1
FNH:1
FNDA:5,(anonymous_0)
DA:5,4
DA:6,5
LF:2
LH:2
BRF:0
BRH:0
end_of_record
TN:
SF:src\components\sidebar\Sidebar.jsx
FN:7,(anonymous_0)
FN:13,(anonymous_1)
FN:33,(anonymous_2)
FN:43,(anonymous_3)
FN:55,(anonymous_4)
FN:66,(anonymous_5)
FNF:6
FNH:5
FNDA:6,(anonymous_0)
FNDA:0,(anonymous_1)
FNDA:6,(anonymous_2)
FNDA:6,(anonymous_3)
FNDA:6,(anonymous_4)
FNDA:6,(anonymous_5)
DA:7,5
DA:9,6
DA:10,6
DA:13,6
DA:14,0
DA:15,0
DA:18,6
DA:34,6
DA:44,6
DA:56,6
DA:67,6
LF:11
LH:9
BRDA:24,0,0,6
BRDA:24,0,1,0
BRDA:34,1,0,6
BRDA:34,1,1,0
BRDA:44,2,0,0
BRDA:44,2,1,6
BRDA:56,3,0,0
BRDA:56,3,1,6
BRDA:67,4,0,0
BRDA:67,4,1,6
BRF:10
BRH:5
end_of_record
TN:
SF:src\global_state\action.js
FN:5,(anonymous_0)
FN:11,(anonymous_1)
FNF:2
FNH:0
FNDA:0,(anonymous_0)
FNDA:0,(anonymous_1)
DA:5,2
DA:6,0
DA:7,0
DA:11,2
DA:13,0
DA:16,0
DA:19,0
DA:22,0
DA:25,0
LF:9
LH:2
BRDA:13,0,0,0
BRDA:13,0,1,0
BRDA:13,0,2,0
BRDA:13,0,3,0
BRF:4
BRH:0
end_of_record
TN:
SF:src\pages\Report\Report.jsx
FN:11,(anonymous_0)
FN:22,(anonymous_1)
FN:25,(anonymous_2)
FN:28,(anonymous_3)
FN:42,(anonymous_4)
FN:83,(anonymous_5)
FN:86,(anonymous_6)
FN:101,(anonymous_7)
FN:134,(anonymous_8)
FN:153,(anonymous_9)
FN:164,(anonymous_10)
FN:213,oo_cm
FN:213,oo_oo
FN:213,oo_tr
FN:213,oo_ts
FN:213,oo_te
FNF:16
FNH:4
FNDA:2,(anonymous_0)
FNDA:0,(anonymous_1)
FNDA:0,(anonymous_2)
FNDA:0,(anonymous_3)
FNDA:0,(anonymous_4)
FNDA:1,(anonymous_5)
FNDA:1,(anonymous_6)
FNDA:1,(anonymous_7)
FNDA:0,(anonymous_8)
FNDA:0,(anonymous_9)
FNDA:0,(anonymous_10)
FNDA:0,oo_cm
FNDA:0,oo_oo
FNDA:0,oo_tr
FNDA:0,oo_ts
FNDA:0,oo_te
DA:9,1
DA:11,1
DA:12,2
DA:13,2
DA:14,2
DA:15,2
DA:16,2
DA:17,2
DA:18,2
DA:19,2
DA:20,2
DA:22,2
DA:23,0
DA:25,2
DA:26,0
DA:28,2
DA:29,0
DA:34,2
DA:42,2
DA:43,0
DA:45,0
DA:55,0
DA:56,0
DA:57,0
DA:61,0
DA:66,0
DA:67,0
DA:68,0
DA:69,0
DA:73,0
DA:74,0
DA:75,0
DA:77,0
DA:78,0
DA:83,2
DA:84,1
DA:86,1
DA:87,1
DA:88,1
DA:90,1
DA:91,0
DA:93,0
DA:95,0
DA:96,0
DA:101,1
DA:104,2
DA:134,0
DA:153,0
DA:165,0
DA:213,0
LF:50
LH:24
BRDA:48,0,0,0
BRDA:48,0,1,0
BRDA:49,1,0,0
BRDA:49,1,1,0
BRDA:50,2,0,0
BRDA:50,2,1,0
BRDA:57,3,0,0
BRDA:57,3,1,0
BRDA:57,4,0,0
BRDA:57,4,1,0
BRDA:96,5,0,0
BRDA:96,5,1,0
BRDA:213,6,0,0
BRDA:213,6,1,0
BRF:14
BRH:0
end_of_record
TN:
SF:src\pages\Report\Service\Report_Service.js
FN:3,(anonymous_0)
FN:7,(anonymous_1)
FN:12,(anonymous_2)
FNF:3
FNH:1
FNDA:0,(anonymous_0)
FNDA:0,(anonymous_1)
FNDA:1,(anonymous_2)
DA:3,1
DA:5,0
DA:7,1
DA:9,0
DA:12,1
DA:14,1
LF:6
LH:4
BRF:0
BRH:0
end_of_record
TN:
SF:src\pages\home\HomePage.jsx
FN:23,(anonymous_0)
FN:36,(anonymous_1)
FN:50,(anonymous_2)
FN:57,(anonymous_3)
FN:61,(anonymous_4)
FN:80,(anonymous_5)
FN:133,(anonymous_6)
FNF:7
FNH:4
FNDA:2,(anonymous_0)
FNDA:0,(anonymous_1)
FNDA:0,(anonymous_2)
FNDA:1,(anonymous_3)
FNDA:1,(anonymous_4)
FNDA:1,(anonymous_5)
FNDA:0,(anonymous_6)
DA:21,2
DA:23,2
DA:24,2
DA:25,2
DA:28,2
DA:36,2
DA:37,0
DA:42,2
DA:43,2
DA:44,2
DA:45,2
DA:50,2
DA:51,0
DA:52,0
DA:57,2
DA:58,1
DA:60,1
DA:61,1
DA:62,1
DA:63,1
DA:65,1
DA:66,0
DA:70,0
DA:71,0
DA:73,0
DA:76,0
DA:77,0
DA:80,1
DA:83,2
DA:134,0
DA:135,0
LF:31
LH:20
BRDA:62,0,0,1
BRDA:62,0,1,0
BRDA:62,1,0,1
BRDA:62,1,1,1
BRDA:77,2,0,0
BRDA:77,2,1,0
BRF:6
BRH:3
end_of_record
TN:
SF:src\pages\home\Service\homepage_action.js
FN:9,(anonymous_0)
FN:13,(anonymous_1)
FNF:2
FNH:1
FNDA:1,(anonymous_0)
FNDA:0,(anonymous_1)
DA:9,2
DA:11,1
DA:13,2
DA:15,0
LF:4
LH:3
BRF:0
BRH:0
end_of_record
TN:
SF:src\pages\login\LoginPage.jsx
FN:13,(anonymous_0)
FN:62,(anonymous_1)
FN:131,oo_cm
FN:131,oo_oo
FN:131,oo_tr
FN:131,oo_ts
FN:131,oo_te
FNF:7
FNH:1
FNDA:1,(anonymous_0)
FNDA:0,(anonymous_1)
FNDA:0,oo_cm
FNDA:0,oo_oo
FNDA:0,oo_tr
FNDA:0,oo_ts
FNDA:0,oo_te
DA:13,2
DA:14,1
DA:19,1
DA:26,1
DA:28,1
DA:29,0
DA:34,1
DA:42,1
DA:63,0
DA:64,0
DA:65,0
DA:67,0
DA:68,0
DA:69,0
DA:71,0
DA:72,0
DA:73,0
DA:74,0
DA:75,0
DA:76,0
DA:77,0
DA:78,0
DA:79,0
DA:82,0
DA:83,0
DA:84,0
DA:131,0
LF:27
LH:7
BRDA:28,0,0,0
BRDA:28,0,1,1
BRDA:67,1,0,0
BRDA:67,1,1,0
BRDA:131,2,0,0
BRDA:131,2,1,0
BRF:6
BRH:1
end_of_record
TN:
SF:src\services\AuthService.js
FN:3,(anonymous_0)
FNF:1
FNH:0
FNDA:0,(anonymous_0)
DA:3,2
DA:4,0
LF:2
LH:1
BRF:0
BRH:0
end_of_record
